[BACKEND] /query/spec agg extraction: spec.agg=sum, agg=sum, spec.y=Amount_NIS, spec.series=[{'y': 'Amount_NIS', 'agg': 'sum'}]
[SQLGlot] Config check: enable_sqlglot=True, sqlglot_users='*', user_id=None
[SQLGlot] ENABLED for all users (wildcard or empty)
[SQLGlot] Built expr_map with 2 entries: ['ClientCode', 'ClientType']
[SQLGlot] _resolve_derived_columns_in_where CALLED with where keys: ['ClientType', 'OrderDate (Year)']
[SQLGlot] Built expr_map with 2 entries: ['ClientCode', 'ClientType']
[SQLGlot] WHERE keys to resolve: ['ClientType', 'OrderDate (Year)']
[SQLGlot] ✅ Resolved custom column 'ClientType' → CASE  WHEN s.ClientID = '2' THEN 'Bank'  WHEN s.ClientID = '4' THEN 'Bank'  WHEN...
[SQLGlot] ✅ Resolved date part 'OrderDate (Year)' → strftime("OrderDate", '%Y')...
[SQLGlot] Resolution complete: 2/2 columns resolved
[SQLGlot] ENABLED for user=None, dialect=duckdb
[SQLGlot] ✅ Resolving custom column 'ClientType' in SELECT → CASE  WHEN ClientID = '2' THEN 'Bank'  WHEN ClientID = '4' THEN 'Bank'  WHEN Cli...
[SQLGlot] Generated SQL (duckdb): SELECT DATE_TRUNC('MONTH', "OrderDate") AS x, CASE WHEN ClientID = '2' THEN 'Bank' WHEN ClientID = '4' THEN 'Bank' WHEN ClientID = '11' THEN 'Bank' WH...
[SQLGlot] Generated: SELECT DATE_TRUNC('MONTH', "OrderDate") AS x, CASE WHEN ClientID = '2' THEN 'Bank' WHEN ClientID = '4' THEN 'Bank' WHEN ClientID = '11' THEN 'Bank' WH...
[SQLGlot] Config check: enable_sqlglot=True, sqlglot_users='*', user_id=None
[SQLGlot] ENABLED for all users (wildcard or empty)
[SQLGlot] ENABLED for /period-totals endpoint, dialect=duckdb
[SQLGlot] ERROR in /period-totals, falling back to legacy: name '_build_expr_map' is not defined
[SQLGlot] ERROR in /period-totals: name '_build_expr_map' is not defined
Traceback (most recent call last):
  File "/Users/mohammed/Documents/Bayan/backend/app/routers/query.py", line 4834, in period_totals
    expr_map = _build_expr_map(ds, source, ds_type)
               ^^^^^^^^^^^^^^^
NameError: name '_build_expr_map' is not defined
[SQLGlot] ERROR: Binder Error: Referenced table "s" not found!
Candidate tables: "03766424_cf71_46d4_a3bd_6a35ea5dc886__View_CIT_Invoice_Details_PriceList3"

LINE 1: ...c886__View_CIT_Invoice_Details_PriceList3" WHERE CASE WHEN s.ClientID = '2' THEN 'Bank' WHEN s.ClientID = '4' THEN...
                                                                      ^, falling back to legacy SQL builder
[SQLGlot] ERROR: Binder Error: Referenced table "s" not found!
Candidate tables: "03766424_cf71_46d4_a3bd_6a35ea5dc886__View_CIT_Invoice_Details_PriceList3"

LINE 1: ...c886__View_CIT_Invoice_Details_PriceList3" WHERE CASE WHEN s.ClientID = '2' THEN 'Bank' WHEN s.ClientID = '4' THEN...
                                                                      ^, falling back to legacy SQL builder
[BACKEND] Built SQL with agg=sum, value_expr=SUM(COALESCE(try_cast(regexp_replace(CAST("Amount_NIS" AS VARCHAR), '[^0-9\.-]', '') AS DOUBLE), try_cast("Amount_NIS" AS DOUBLE), 0.0)), sql_inner=SELECT DATE_TRUNC('month', COALESCE(try_cast("OrderDate" AS TIMESTAMP), CAST(try_cast("OrderDate" AS DATE) AS TIMESTAMP))) as x, "ClientType" as legend, SUM(COALESCE(try_cast(regexp_replace(CAST("Amou
[SQLGlot] Config check: enable_sqlglot=True, sqlglot_users='*', user_id=None
[SQLGlot] ENABLED for all users (wildcard or empty)
[SQLGlot] ENABLED for /period-totals endpoint, dialect=duckdb
[SQLGlot] ERROR in /period-totals, falling back to legacy: name '_build_expr_map' is not defined
[SQLGlot] ERROR in /period-totals: name '_build_expr_map' is not defined
Traceback (most recent call last):
  File "/Users/mohammed/Documents/Bayan/backend/app/routers/query.py", line 4834, in period_totals
    expr_map = _build_expr_map(ds, source, ds_type)
               ^^^^^^^^^^^^^^^
NameError: name '_build_expr_map' is not defined
[SQLGlot] Config check: enable_sqlglot=True, sqlglot_users='*', user_id=None
[SQLGlot] ENABLED for all users (wildcard or empty)
[SQLGlot] ENABLED for /period-totals endpoint, dialect=duckdb
[SQLGlot] ERROR in /period-totals, falling back to legacy: name '_build_expr_map' is not defined
[SQLGlot] ERROR in /period-totals: name '_build_expr_map' is not defined
Traceback (most recent call last):
  File "/Users/mohammed/Documents/Bayan/backend/app/routers/query.py", line 4834, in period_totals
    expr_map = _build_expr_map(ds, source, ds_type)
               ^^^^^^^^^^^^^^^
NameError: name '_build_expr_map' is not defined
[SQLGlot] Config check: enable_sqlglot=True, sqlglot_users='*', user_id=None
[SQLGlot] ENABLED for all users (wildcard or empty)
[SQLGlot] ENABLED for /period-totals endpoint, dialect=duckdb
[SQLGlot] ERROR in /period-totals, falling back to legacy: name '_build_expr_map' is not defined
[SQLGlot] ERROR in /period-totals: name '_build_expr_map' is not defined
Traceback (most recent call last):
  File "/Users/mohammed/Documents/Bayan/backend/app/routers/query.py", line 4834, in period_totals
    expr_map = _build_expr_map(ds, source, ds_type)
               ^^^^^^^^^^^^^^^
NameError: name '_build_expr_map' is not defined
[SQLGlot] Config check: enable_sqlglot=True, sqlglot_users='*', user_id=None
[SQLGlot] ENABLED for all users (wildcard or empty)
[SQLGlot] ENABLED for /period-totals endpoint, dialect=duckdb
[SQLGlot] ERROR in /period-totals, falling back to legacy: name '_build_expr_map' is not defined
[SQLGlot] ERROR in /period-totals: name '_build_expr_map' is not defined
Traceback (most recent call last):
  File "/Users/mohammed/Documents/Bayan/backend/app/routers/query.py", line 4834, in period_totals
    expr_map = _build_expr_map(ds, source, ds_type)
               ^^^^^^^^^^^^^^^
NameError: name '_build_expr_map' is not defined
[SQLGlot] Config check: enable_sqlglot=True, sqlglot_users='*', user_id=None
[SQLGlot] ENABLED for all users (wildcard or empty)
[SQLGlot] ENABLED for /period-totals endpoint, dialect=duckdb
[SQLGlot] ERROR in /period-totals, falling back to legacy: name '_build_expr_map' is not defined
[SQLGlot] ERROR in /period-totals: name '_build_expr_map' is not defined
Traceback (most recent call last):
  File "/Users/mohammed/Documents/Bayan/backend/app/routers/query.py", line 4834, in period_totals
    expr_map = _build_expr_map(ds, source, ds_type)
               ^^^^^^^^^^^^^^^
NameError: name '_build_expr_map' is not defined
[SQLGlot] Config check: enable_sqlglot=True, sqlglot_users='*', user_id=None
[SQLGlot] ENABLED for all users (wildcard or empty)
[SQLGlot] ENABLED for /period-totals endpoint, dialect=duckdb
[SQLGlot] ERROR in /period-totals, falling back to legacy: name '_build_expr_map' is not defined
[SQLGlot] ERROR in /period-totals: name '_build_expr_map' is not defined
Traceback (most recent call last):
  File "/Users/mohammed/Documents/Bayan/backend/app/routers/query.py", line 4834, in period_totals
    expr_map = _build_expr_map(ds, source, ds_type)
               ^^^^^^^^^^^^^^^
NameError: name '_build_expr_map' is not defined
[SQLGlot] Config check: enable_sqlglot=True, sqlglot_users='*', user_id=None
[SQLGlot] ENABLED for all users (wildcard or empty)
[SQLGlot] ENABLED for /period-totals endpoint, dialect=duckdb
[SQLGlot] ERROR in /period-totals, falling back to legacy: name '_build_expr_map' is not defined
[SQLGlot] ERROR in /period-totals: name '_build_expr_map' is not defined
Traceback (most recent call last):
  File "/Users/mohammed/Documents/Bayan/backend/app/routers/query.py", line 4834, in period_totals
    expr_map = _build_expr_map(ds, source, ds_type)
               ^^^^^^^^^^^^^^^
NameError: name '_build_expr_map' is not defined
[SQLGlot] Config check: enable_sqlglot=True, sqlglot_users='*', user_id=None
[SQLGlot] ENABLED for all users (wildcard or empty)
[SQLGlot] ENABLED for /period-totals endpoint, dialect=duckdb
[SQLGlot] ERROR in /period-totals, falling back to legacy: name '_build_expr_map' is not defined
[SQLGlot] ERROR in /period-totals: name '_build_expr_map' is not defined
Traceback (most recent call last):
  File "/Users/mohammed/Documents/Bayan/backend/app/routers/query.py", line 4834, in period_totals
    expr_map = _build_expr_map(ds, source, ds_type)
               ^^^^^^^^^^^^^^^
NameError: name '_build_expr_map' is not defined
[SQLGlot] Config check: enable_sqlglot=True, sqlglot_users='*', user_id=None
[SQLGlot] ENABLED for all users (wildcard or empty)
[SQLGlot] ENABLED for /period-totals endpoint, dialect=duckdb
[SQLGlot] ERROR in /period-totals, falling back to legacy: name '_build_expr_map' is not defined
[SQLGlot] ERROR in /period-totals: name '_build_expr_map' is not defined
Traceback (most recent call last):
  File "/Users/mohammed/Documents/Bayan/backend/app/routers/query.py", line 4834, in period_totals
    expr_map = _build_expr_map(ds, source, ds_type)
               ^^^^^^^^^^^^^^^
NameError: name '_build_expr_map' is not defined
[SQLGlot] Config check: enable_sqlglot=True, sqlglot_users='*', user_id=None
[SQLGlot] ENABLED for all users (wildcard or empty)
[SQLGlot] ENABLED for /period-totals endpoint, dialect=duckdb
[SQLGlot] ERROR in /period-totals, falling back to legacy: name '_build_expr_map' is not defined
[SQLGlot] ERROR in /period-totals: name '_build_expr_map' is not defined
Traceback (most recent call last):
  File "/Users/mohammed/Documents/Bayan/backend/app/routers/query.py", line 4834, in period_totals
    expr_map = _build_expr_map(ds, source, ds_type)
               ^^^^^^^^^^^^^^^
NameError: name '_build_expr_map' is not defined
[SQLGlot] Config check: enable_sqlglot=True, sqlglot_users='*', user_id=None
[SQLGlot] ENABLED for all users (wildcard or empty)
[SQLGlot] ENABLED for /period-totals endpoint, dialect=duckdb
[SQLGlot] ERROR in /period-totals, falling back to legacy: name '_build_expr_map' is not defined
[SQLGlot] ERROR in /period-totals: name '_build_expr_map' is not defined
Traceback (most recent call last):
  File "/Users/mohammed/Documents/Bayan/backend/app/routers/query.py", line 4834, in period_totals
    expr_map = _build_expr_map(ds, source, ds_type)
               ^^^^^^^^^^^^^^^
NameError: name '_build_expr_map' is not defined
[SQLGlot] Config check: enable_sqlglot=True, sqlglot_users='*', user_id=None
[SQLGlot] ENABLED for all users (wildcard or empty)
[SQLGlot] ENABLED for /period-totals endpoint, dialect=duckdb
[SQLGlot] ERROR in /period-totals, falling back to legacy: name '_build_expr_map' is not defined
[SQLGlot] ERROR in /period-totals: name '_build_expr_map' is not defined
Traceback (most recent call last):
  File "/Users/mohammed/Documents/Bayan/backend/app/routers/query.py", line 4834, in period_totals
    expr_map = _build_expr_map(ds, source, ds_type)
               ^^^^^^^^^^^^^^^
NameError: name '_build_expr_map' is not defined
[SQLGlot] Config check: enable_sqlglot=True, sqlglot_users='*', user_id=None
[SQLGlot] ENABLED for all users (wildcard or empty)
[SQLGlot] ENABLED for /period-totals endpoint, dialect=duckdb
[SQLGlot] ERROR in /period-totals, falling back to legacy: name '_build_expr_map' is not defined
[SQLGlot] ERROR in /period-totals: name '_build_expr_map' is not defined
Traceback (most recent call last):
  File "/Users/mohammed/Documents/Bayan/backend/app/routers/query.py", line 4834, in period_totals
    expr_map = _build_expr_map(ds, source, ds_type)
               ^^^^^^^^^^^^^^^
NameError: name '_build_expr_map' is not defined
[SQLGlot] Config check: enable_sqlglot=True, sqlglot_users='*', user_id=None
[SQLGlot] ENABLED for all users (wildcard or empty)
[SQLGlot] ENABLED for /period-totals endpoint, dialect=duckdb
[SQLGlot] ERROR in /period-totals, falling back to legacy: name '_build_expr_map' is not defined
[SQLGlot] ERROR in /period-totals: name '_build_expr_map' is not defined
Traceback (most recent call last):
  File "/Users/mohammed/Documents/Bayan/backend/app/routers/query.py", line 4834, in period_totals
    expr_map = _build_expr_map(ds, source, ds_type)
               ^^^^^^^^^^^^^^^
NameError: name '_build_expr_map' is not defined
[SQLGlot] Config check: enable_sqlglot=True, sqlglot_users='*', user_id=None
[SQLGlot] ENABLED for all users (wildcard or empty)
[SQLGlot] ENABLED for /period-totals endpoint, dialect=duckdb
[SQLGlot] ERROR in /period-totals, falling back to legacy: name '_build_expr_map' is not defined
[SQLGlot] ERROR in /period-totals: name '_build_expr_map' is not defined
Traceback (most recent call last):
  File "/Users/mohammed/Documents/Bayan/backend/app/routers/query.py", line 4834, in period_totals
    expr_map = _build_expr_map(ds, source, ds_type)
               ^^^^^^^^^^^^^^^
NameError: name '_build_expr_map' is not defined
[BACKEND] /query/spec agg extraction: spec.agg=None, agg=none, spec.y=None, spec.series=None
[BACKEND] /query/spec agg extraction: spec.agg=None, agg=none, spec.y=None, spec.series=None
[SQLGlot] Config check: enable_sqlglot=True, sqlglot_users='*', user_id=None
[SQLGlot] ENABLED for all users (wildcard or empty)
[SQLGlot] ENABLED for /distinct endpoint, dialect=duckdb
[SQLGlot] ✅ Resolving date part 'OrderDate (Year)' in DISTINCT
[SQLGlot] Generated DISTINCT SQL (duckdb): SELECT DISTINCT STRFTIME("OrderDate", '%Y') FROM (SELECT s.* FROM "main"."03766424_cf71_46d4_a3bd_6a35ea5dc886__View_CIT_Invoice_Details_PriceList3" A...
[SQLGlot] Generated DISTINCT SQL: SELECT DISTINCT STRFTIME("OrderDate", '%Y') FROM (SELECT s.* FROM "main"."03766424_cf71_46d4_a3bd_6a35ea5dc886__View_CIT_Invoice_Details_PriceList3" A...
[SQLGlot] Config check: enable_sqlglot=True, sqlglot_users='*', user_id=None
[SQLGlot] ENABLED for all users (wildcard or empty)
[SQLGlot] ENABLED for /distinct endpoint, dialect=duckdb
[SQLGlot] ✅ Resolving date part 'OrderDate (Year)' in DISTINCT
[SQLGlot] Generated DISTINCT SQL (duckdb): SELECT DISTINCT STRFTIME("OrderDate", '%Y') FROM (SELECT s.* FROM "main"."03766424_cf71_46d4_a3bd_6a35ea5dc886__View_CIT_Invoice_Details_PriceList3" A...
[SQLGlot] Generated DISTINCT SQL: SELECT DISTINCT STRFTIME("OrderDate", '%Y') FROM (SELECT s.* FROM "main"."03766424_cf71_46d4_a3bd_6a35ea5dc886__View_CIT_Invoice_Details_PriceList3" A...
[2025-11-08 09:37:22 +0200] [23375] [ERROR] Exception in ASGI application
  + Exception Group Traceback (most recent call last):
  |   File "/Users/mohammed/Documents/Bayan/backend/venv/lib/python3.13/site-packages/starlette/_utils.py", line 79, in collapse_excgroups
  |     yield
  |   File "/Users/mohammed/Documents/Bayan/backend/venv/lib/python3.13/site-packages/starlette/middleware/base.py", line 183, in __call__
  |     async with anyio.create_task_group() as task_group:
  |                ~~~~~~~~~~~~~~~~~~~~~~~^^
  |   File "/Users/mohammed/Documents/Bayan/backend/venv/lib/python3.13/site-packages/anyio/_backends/_asyncio.py", line 781, in __aexit__
  |     raise BaseExceptionGroup(
  |         "unhandled errors in a TaskGroup", self._exceptions
  |     ) from None
  | ExceptionGroup: unhandled errors in a TaskGroup (1 sub-exception)
  +-+---------------- 1 ----------------
    | Traceback (most recent call last):
    |   File "/Users/mohammed/Documents/Bayan/backend/venv/lib/python3.13/site-packages/uvicorn/protocols/http/httptools_impl.py", line 409, in run_asgi
    |     result = await app(  # type: ignore[func-returns-value]
    |              ^^^^^^^^^^^^^^^^^^^^^^^^^^^^^^^^^^^^^^^^^^^^^^
    |         self.scope, self.receive, self.send
    |         ^^^^^^^^^^^^^^^^^^^^^^^^^^^^^^^^^^^
    |     )
    |     ^
    |   File "/Users/mohammed/Documents/Bayan/backend/venv/lib/python3.13/site-packages/uvicorn/middleware/proxy_headers.py", line 60, in __call__
    |     return await self.app(scope, receive, send)
    |            ^^^^^^^^^^^^^^^^^^^^^^^^^^^^^^^^^^^^
    |   File "/Users/mohammed/Documents/Bayan/backend/venv/lib/python3.13/site-packages/fastapi/applications.py", line 1134, in __call__
    |     await super().__call__(scope, receive, send)
    |   File "/Users/mohammed/Documents/Bayan/backend/venv/lib/python3.13/site-packages/starlette/applications.py", line 113, in __call__
    |     await self.middleware_stack(scope, receive, send)
    |   File "/Users/mohammed/Documents/Bayan/backend/venv/lib/python3.13/site-packages/starlette/middleware/errors.py", line 186, in __call__
    |     raise exc
    |   File "/Users/mohammed/Documents/Bayan/backend/venv/lib/python3.13/site-packages/starlette/middleware/errors.py", line 164, in __call__
    |     await self.app(scope, receive, _send)
    |   File "/Users/mohammed/Documents/Bayan/backend/venv/lib/python3.13/site-packages/starlette/middleware/base.py", line 182, in __call__
    |     with recv_stream, send_stream, collapse_excgroups():
    |                                    ~~~~~~~~~~~~~~~~~~^^
    |   File "/opt/homebrew/Cellar/python@3.13/3.13.5/Frameworks/Python.framework/Versions/3.13/lib/python3.13/contextlib.py", line 162, in __exit__
    |     self.gen.throw(value)
    |     ~~~~~~~~~~~~~~^^^^^^^
    |   File "/Users/mohammed/Documents/Bayan/backend/venv/lib/python3.13/site-packages/starlette/_utils.py", line 85, in collapse_excgroups
    |     raise exc
    |   File "/Users/mohammed/Documents/Bayan/backend/venv/lib/python3.13/site-packages/starlette/middleware/base.py", line 184, in __call__
    |     response = await self.dispatch_func(request, call_next)
    |                ^^^^^^^^^^^^^^^^^^^^^^^^^^^^^^^^^^^^^^^^^^^^
    |   File "/Users/mohammed/Documents/Bayan/backend/app/main.py", line 80, in _issues_mw
    |     return await call_next(request)
    |            ^^^^^^^^^^^^^^^^^^^^^^^^
    |   File "/Users/mohammed/Documents/Bayan/backend/venv/lib/python3.13/site-packages/starlette/middleware/base.py", line 159, in call_next
    |     raise app_exc
    |   File "/Users/mohammed/Documents/Bayan/backend/venv/lib/python3.13/site-packages/starlette/middleware/base.py", line 144, in coro
    |     await self.app(scope, receive_or_disconnect, send_no_error)
    |   File "/Users/mohammed/Documents/Bayan/backend/venv/lib/python3.13/site-packages/starlette/middleware/base.py", line 182, in __call__
    |     with recv_stream, send_stream, collapse_excgroups():
    |                                    ~~~~~~~~~~~~~~~~~~^^
    |   File "/opt/homebrew/Cellar/python@3.13/3.13.5/Frameworks/Python.framework/Versions/3.13/lib/python3.13/contextlib.py", line 162, in __exit__
    |     self.gen.throw(value)
    |     ~~~~~~~~~~~~~~^^^^^^^
    |   File "/Users/mohammed/Documents/Bayan/backend/venv/lib/python3.13/site-packages/starlette/_utils.py", line 85, in collapse_excgroups
    |     raise exc
    |   File "/Users/mohammed/Documents/Bayan/backend/venv/lib/python3.13/site-packages/starlette/middleware/base.py", line 184, in __call__
    |     response = await self.dispatch_func(request, call_next)
    |                ^^^^^^^^^^^^^^^^^^^^^^^^^^^^^^^^^^^^^^^^^^^^
    |   File "/Users/mohammed/Documents/Bayan/backend/app/main.py", line 69, in _metrics_mw
    |     resp: Response = await call_next(request)
    |                      ^^^^^^^^^^^^^^^^^^^^^^^^
    |   File "/Users/mohammed/Documents/Bayan/backend/venv/lib/python3.13/site-packages/starlette/middleware/base.py", line 159, in call_next
    |     raise app_exc
    |   File "/Users/mohammed/Documents/Bayan/backend/venv/lib/python3.13/site-packages/starlette/middleware/base.py", line 144, in coro
    |     await self.app(scope, receive_or_disconnect, send_no_error)
    |   File "/Users/mohammed/Documents/Bayan/backend/venv/lib/python3.13/site-packages/uvicorn/middleware/proxy_headers.py", line 60, in __call__
    |     return await self.app(scope, receive, send)
    |            ^^^^^^^^^^^^^^^^^^^^^^^^^^^^^^^^^^^^
    |   File "/Users/mohammed/Documents/Bayan/backend/venv/lib/python3.13/site-packages/starlette/middleware/cors.py", line 93, in __call__
    |     await self.simple_response(scope, receive, send, request_headers=headers)
    |   File "/Users/mohammed/Documents/Bayan/backend/venv/lib/python3.13/site-packages/starlette/middleware/cors.py", line 144, in simple_response
    |     await self.app(scope, receive, send)
    |   File "/Users/mohammed/Documents/Bayan/backend/venv/lib/python3.13/site-packages/starlette/middleware/exceptions.py", line 63, in __call__
    |     await wrap_app_handling_exceptions(self.app, conn)(scope, receive, send)
    |   File "/Users/mohammed/Documents/Bayan/backend/venv/lib/python3.13/site-packages/starlette/_exception_handler.py", line 53, in wrapped_app
    |     raise exc
    |   File "/Users/mohammed/Documents/Bayan/backend/venv/lib/python3.13/site-packages/starlette/_exception_handler.py", line 42, in wrapped_app
    |     await app(scope, receive, sender)
    |   File "/Users/mohammed/Documents/Bayan/backend/venv/lib/python3.13/site-packages/fastapi/middleware/asyncexitstack.py", line 18, in __call__
    |     await self.app(scope, receive, send)
    |   File "/Users/mohammed/Documents/Bayan/backend/venv/lib/python3.13/site-packages/starlette/routing.py", line 716, in __call__
    |     await self.middleware_stack(scope, receive, send)
    |   File "/Users/mohammed/Documents/Bayan/backend/venv/lib/python3.13/site-packages/starlette/routing.py", line 736, in app
    |     await route.handle(scope, receive, send)
    |   File "/Users/mohammed/Documents/Bayan/backend/venv/lib/python3.13/site-packages/starlette/routing.py", line 290, in handle
    |     await self.app(scope, receive, send)
    |   File "/Users/mohammed/Documents/Bayan/backend/venv/lib/python3.13/site-packages/fastapi/routing.py", line 124, in app
    |     await wrap_app_handling_exceptions(app, request)(scope, receive, send)
    |   File "/Users/mohammed/Documents/Bayan/backend/venv/lib/python3.13/site-packages/starlette/_exception_handler.py", line 53, in wrapped_app
    |     raise exc
    |   File "/Users/mohammed/Documents/Bayan/backend/venv/lib/python3.13/site-packages/starlette/_exception_handler.py", line 42, in wrapped_app
    |     await app(scope, receive, sender)
    |   File "/Users/mohammed/Documents/Bayan/backend/venv/lib/python3.13/site-packages/fastapi/routing.py", line 110, in app
    |     response = await f(request)
    |                ^^^^^^^^^^^^^^^^
    |   File "/Users/mohammed/Documents/Bayan/backend/venv/lib/python3.13/site-packages/fastapi/routing.py", line 390, in app
    |     raw_response = await run_endpoint_function(
    |                    ^^^^^^^^^^^^^^^^^^^^^^^^^^^^
    |     ...<3 lines>...
    |     )
    |     ^
    |   File "/Users/mohammed/Documents/Bayan/backend/venv/lib/python3.13/site-packages/fastapi/routing.py", line 291, in run_endpoint_function
    |     return await run_in_threadpool(dependant.call, **values)
    |            ^^^^^^^^^^^^^^^^^^^^^^^^^^^^^^^^^^^^^^^^^^^^^^^^^
    |   File "/Users/mohammed/Documents/Bayan/backend/venv/lib/python3.13/site-packages/starlette/concurrency.py", line 38, in run_in_threadpool
    |     return await anyio.to_thread.run_sync(func)
    |            ^^^^^^^^^^^^^^^^^^^^^^^^^^^^^^^^^^^^
    |   File "/Users/mohammed/Documents/Bayan/backend/venv/lib/python3.13/site-packages/anyio/to_thread.py", line 56, in run_sync
    |     return await get_async_backend().run_sync_in_worker_thread(
    |            ^^^^^^^^^^^^^^^^^^^^^^^^^^^^^^^^^^^^^^^^^^^^^^^^^^^^
    |         func, args, abandon_on_cancel=abandon_on_cancel, limiter=limiter
    |         ^^^^^^^^^^^^^^^^^^^^^^^^^^^^^^^^^^^^^^^^^^^^^^^^^^^^^^^^^^^^^^^^
    |     )
    |     ^
    |   File "/Users/mohammed/Documents/Bayan/backend/venv/lib/python3.13/site-packages/anyio/_backends/_asyncio.py", line 2485, in run_sync_in_worker_thread
    |     return await future
    |            ^^^^^^^^^^^^
    |   File "/Users/mohammed/Documents/Bayan/backend/venv/lib/python3.13/site-packages/anyio/_backends/_asyncio.py", line 976, in run
    |     result = context.run(func, *args)
    |   File "/Users/mohammed/Documents/Bayan/backend/app/routers/query.py", line 4051, in distinct_values
    |     cur = conn.execute(sql_qm, vals)
    | _duckdb.BinderException: Binder Error: Referenced column "ClientType" not found in FROM clause!
    | Candidate bindings: "ClientID", "ToClientName", "ToClientID", "FromClientName", "FromClientID"
    | 
    | LINE 1: ..._View_CIT_Invoice_Details_PriceList3" AS s) AS _base WHERE "ClientType" IN ('Bank', 'CIT Company', 'Retail') ORDER...
    |                                                                       ^
    +------------------------------------

During handling of the above exception, another exception occurred:

Traceback (most recent call last):
  File "/Users/mohammed/Documents/Bayan/backend/venv/lib/python3.13/site-packages/uvicorn/protocols/http/httptools_impl.py", line 409, in run_asgi
    result = await app(  # type: ignore[func-returns-value]
             ^^^^^^^^^^^^^^^^^^^^^^^^^^^^^^^^^^^^^^^^^^^^^^
        self.scope, self.receive, self.send
        ^^^^^^^^^^^^^^^^^^^^^^^^^^^^^^^^^^^
    )
    ^
  File "/Users/mohammed/Documents/Bayan/backend/venv/lib/python3.13/site-packages/uvicorn/middleware/proxy_headers.py", line 60, in __call__
    return await self.app(scope, receive, send)
           ^^^^^^^^^^^^^^^^^^^^^^^^^^^^^^^^^^^^
  File "/Users/mohammed/Documents/Bayan/backend/venv/lib/python3.13/site-packages/fastapi/applications.py", line 1134, in __call__
    await super().__call__(scope, receive, send)
  File "/Users/mohammed/Documents/Bayan/backend/venv/lib/python3.13/site-packages/starlette/applications.py", line 113, in __call__
    await self.middleware_stack(scope, receive, send)
  File "/Users/mohammed/Documents/Bayan/backend/venv/lib/python3.13/site-packages/starlette/middleware/errors.py", line 186, in __call__
    raise exc
  File "/Users/mohammed/Documents/Bayan/backend/venv/lib/python3.13/site-packages/starlette/middleware/errors.py", line 164, in __call__
    await self.app(scope, receive, _send)
  File "/Users/mohammed/Documents/Bayan/backend/venv/lib/python3.13/site-packages/starlette/middleware/base.py", line 182, in __call__
    with recv_stream, send_stream, collapse_excgroups():
                                   ~~~~~~~~~~~~~~~~~~^^
  File "/opt/homebrew/Cellar/python@3.13/3.13.5/Frameworks/Python.framework/Versions/3.13/lib/python3.13/contextlib.py", line 162, in __exit__
    self.gen.throw(value)
    ~~~~~~~~~~~~~~^^^^^^^
  File "/Users/mohammed/Documents/Bayan/backend/venv/lib/python3.13/site-packages/starlette/_utils.py", line 85, in collapse_excgroups
    raise exc
  File "/Users/mohammed/Documents/Bayan/backend/venv/lib/python3.13/site-packages/starlette/middleware/base.py", line 184, in __call__
    response = await self.dispatch_func(request, call_next)
               ^^^^^^^^^^^^^^^^^^^^^^^^^^^^^^^^^^^^^^^^^^^^
  File "/Users/mohammed/Documents/Bayan/backend/app/main.py", line 80, in _issues_mw
    return await call_next(request)
           ^^^^^^^^^^^^^^^^^^^^^^^^
  File "/Users/mohammed/Documents/Bayan/backend/venv/lib/python3.13/site-packages/starlette/middleware/base.py", line 159, in call_next
    raise app_exc
  File "/Users/mohammed/Documents/Bayan/backend/venv/lib/python3.13/site-packages/starlette/middleware/base.py", line 144, in coro
    await self.app(scope, receive_or_disconnect, send_no_error)
  File "/Users/mohammed/Documents/Bayan/backend/venv/lib/python3.13/site-packages/starlette/middleware/base.py", line 182, in __call__
    with recv_stream, send_stream, collapse_excgroups():
                                   ~~~~~~~~~~~~~~~~~~^^
  File "/opt/homebrew/Cellar/python@3.13/3.13.5/Frameworks/Python.framework/Versions/3.13/lib/python3.13/contextlib.py", line 162, in __exit__
    self.gen.throw(value)
    ~~~~~~~~~~~~~~^^^^^^^
  File "/Users/mohammed/Documents/Bayan/backend/venv/lib/python3.13/site-packages/starlette/_utils.py", line 85, in collapse_excgroups
    raise exc
  File "/Users/mohammed/Documents/Bayan/backend/venv/lib/python3.13/site-packages/starlette/middleware/base.py", line 184, in __call__
    response = await self.dispatch_func(request, call_next)
               ^^^^^^^^^^^^^^^^^^^^^^^^^^^^^^^^^^^^^^^^^^^^
  File "/Users/mohammed/Documents/Bayan/backend/app/main.py", line 69, in _metrics_mw
    resp: Response = await call_next(request)
                     ^^^^^^^^^^^^^^^^^^^^^^^^
  File "/Users/mohammed/Documents/Bayan/backend/venv/lib/python3.13/site-packages/starlette/middleware/base.py", line 159, in call_next
    raise app_exc
  File "/Users/mohammed/Documents/Bayan/backend/venv/lib/python3.13/site-packages/starlette/middleware/base.py", line 144, in coro
    await self.app(scope, receive_or_disconnect, send_no_error)
  File "/Users/mohammed/Documents/Bayan/backend/venv/lib/python3.13/site-packages/uvicorn/middleware/proxy_headers.py", line 60, in __call__
    return await self.app(scope, receive, send)
           ^^^^^^^^^^^^^^^^^^^^^^^^^^^^^^^^^^^^
  File "/Users/mohammed/Documents/Bayan/backend/venv/lib/python3.13/site-packages/starlette/middleware/cors.py", line 93, in __call__
    await self.simple_response(scope, receive, send, request_headers=headers)
  File "/Users/mohammed/Documents/Bayan/backend/venv/lib/python3.13/site-packages/starlette/middleware/cors.py", line 144, in simple_response
    await self.app(scope, receive, send)
  File "/Users/mohammed/Documents/Bayan/backend/venv/lib/python3.13/site-packages/starlette/middleware/exceptions.py", line 63, in __call__
    await wrap_app_handling_exceptions(self.app, conn)(scope, receive, send)
  File "/Users/mohammed/Documents/Bayan/backend/venv/lib/python3.13/site-packages/starlette/_exception_handler.py", line 53, in wrapped_app
    raise exc
  File "/Users/mohammed/Documents/Bayan/backend/venv/lib/python3.13/site-packages/starlette/_exception_handler.py", line 42, in wrapped_app
    await app(scope, receive, sender)
  File "/Users/mohammed/Documents/Bayan/backend/venv/lib/python3.13/site-packages/fastapi/middleware/asyncexitstack.py", line 18, in __call__
    await self.app(scope, receive, send)
  File "/Users/mohammed/Documents/Bayan/backend/venv/lib/python3.13/site-packages/starlette/routing.py", line 716, in __call__
    await self.middleware_stack(scope, receive, send)
  File "/Users/mohammed/Documents/Bayan/backend/venv/lib/python3.13/site-packages/starlette/routing.py", line 736, in app
    await route.handle(scope, receive, send)
  File "/Users/mohammed/Documents/Bayan/backend/venv/lib/python3.13/site-packages/starlette/routing.py", line 290, in handle
    await self.app(scope, receive, send)
  File "/Users/mohammed/Documents/Bayan/backend/venv/lib/python3.13/site-packages/fastapi/routing.py", line 124, in app
    await wrap_app_handling_exceptions(app, request)(scope, receive, send)
  File "/Users/mohammed/Documents/Bayan/backend/venv/lib/python3.13/site-packages/starlette/_exception_handler.py", line 53, in wrapped_app
    raise exc
  File "/Users/mohammed/Documents/Bayan/backend/venv/lib/python3.13/site-packages/starlette/_exception_handler.py", line 42, in wrapped_app
    await app(scope, receive, sender)
  File "/Users/mohammed/Documents/Bayan/backend/venv/lib/python3.13/site-packages/fastapi/routing.py", line 110, in app
    response = await f(request)
               ^^^^^^^^^^^^^^^^
  File "/Users/mohammed/Documents/Bayan/backend/venv/lib/python3.13/site-packages/fastapi/routing.py", line 390, in app
    raw_response = await run_endpoint_function(
                   ^^^^^^^^^^^^^^^^^^^^^^^^^^^^
    ...<3 lines>...
    )
    ^
  File "/Users/mohammed/Documents/Bayan/backend/venv/lib/python3.13/site-packages/fastapi/routing.py", line 291, in run_endpoint_function
    return await run_in_threadpool(dependant.call, **values)
           ^^^^^^^^^^^^^^^^^^^^^^^^^^^^^^^^^^^^^^^^^^^^^^^^^
  File "/Users/mohammed/Documents/Bayan/backend/venv/lib/python3.13/site-packages/starlette/concurrency.py", line 38, in run_in_threadpool
    return await anyio.to_thread.run_sync(func)
           ^^^^^^^^^^^^^^^^^^^^^^^^^^^^^^^^^^^^
  File "/Users/mohammed/Documents/Bayan/backend/venv/lib/python3.13/site-packages/anyio/to_thread.py", line 56, in run_sync
    return await get_async_backend().run_sync_in_worker_thread(
           ^^^^^^^^^^^^^^^^^^^^^^^^^^^^^^^^^^^^^^^^^^^^^^^^^^^^
        func, args, abandon_on_cancel=abandon_on_cancel, limiter=limiter
        ^^^^^^^^^^^^^^^^^^^^^^^^^^^^^^^^^^^^^^^^^^^^^^^^^^^^^^^^^^^^^^^^
    )
    ^
  File "/Users/mohammed/Documents/Bayan/backend/venv/lib/python3.13/site-packages/anyio/_backends/_asyncio.py", line 2485, in run_sync_in_worker_thread
    return await future
           ^^^^^^^^^^^^
  File "/Users/mohammed/Documents/Bayan/backend/venv/lib/python3.13/site-packages/anyio/_backends/_asyncio.py", line 976, in run
    result = context.run(func, *args)
  File "/Users/mohammed/Documents/Bayan/backend/app/routers/query.py", line 4051, in distinct_values
    cur = conn.execute(sql_qm, vals)
_duckdb.BinderException: Binder Error: Referenced column "ClientType" not found in FROM clause!
Candidate bindings: "ClientID", "ToClientName", "ToClientID", "FromClientName", "FromClientID"

LINE 1: ..._View_CIT_Invoice_Details_PriceList3" AS s) AS _base WHERE "ClientType" IN ('Bank', 'CIT Company', 'Retail') ORDER...
                                                                      ^
[2025-11-08 09:37:22 +0200] [23375] [ERROR] Exception in ASGI application
  + Exception Group Traceback (most recent call last):
  |   File "/Users/mohammed/Documents/Bayan/backend/venv/lib/python3.13/site-packages/starlette/_utils.py", line 79, in collapse_excgroups
  |     yield
  |   File "/Users/mohammed/Documents/Bayan/backend/venv/lib/python3.13/site-packages/starlette/middleware/base.py", line 183, in __call__
  |     async with anyio.create_task_group() as task_group:
  |                ~~~~~~~~~~~~~~~~~~~~~~~^^
  |   File "/Users/mohammed/Documents/Bayan/backend/venv/lib/python3.13/site-packages/anyio/_backends/_asyncio.py", line 781, in __aexit__
  |     raise BaseExceptionGroup(
  |         "unhandled errors in a TaskGroup", self._exceptions
  |     ) from None
  | ExceptionGroup: unhandled errors in a TaskGroup (1 sub-exception)
  +-+---------------- 1 ----------------
    | Traceback (most recent call last):
    |   File "/Users/mohammed/Documents/Bayan/backend/venv/lib/python3.13/site-packages/uvicorn/protocols/http/httptools_impl.py", line 409, in run_asgi
    |     result = await app(  # type: ignore[func-returns-value]
    |              ^^^^^^^^^^^^^^^^^^^^^^^^^^^^^^^^^^^^^^^^^^^^^^
    |         self.scope, self.receive, self.send
    |         ^^^^^^^^^^^^^^^^^^^^^^^^^^^^^^^^^^^
    |     )
    |     ^
    |   File "/Users/mohammed/Documents/Bayan/backend/venv/lib/python3.13/site-packages/uvicorn/middleware/proxy_headers.py", line 60, in __call__
    |     return await self.app(scope, receive, send)
    |            ^^^^^^^^^^^^^^^^^^^^^^^^^^^^^^^^^^^^
    |   File "/Users/mohammed/Documents/Bayan/backend/venv/lib/python3.13/site-packages/fastapi/applications.py", line 1134, in __call__
    |     await super().__call__(scope, receive, send)
    |   File "/Users/mohammed/Documents/Bayan/backend/venv/lib/python3.13/site-packages/starlette/applications.py", line 113, in __call__
    |     await self.middleware_stack(scope, receive, send)
    |   File "/Users/mohammed/Documents/Bayan/backend/venv/lib/python3.13/site-packages/starlette/middleware/errors.py", line 186, in __call__
    |     raise exc
    |   File "/Users/mohammed/Documents/Bayan/backend/venv/lib/python3.13/site-packages/starlette/middleware/errors.py", line 164, in __call__
    |     await self.app(scope, receive, _send)
    |   File "/Users/mohammed/Documents/Bayan/backend/venv/lib/python3.13/site-packages/starlette/middleware/base.py", line 182, in __call__
    |     with recv_stream, send_stream, collapse_excgroups():
    |                                    ~~~~~~~~~~~~~~~~~~^^
    |   File "/opt/homebrew/Cellar/python@3.13/3.13.5/Frameworks/Python.framework/Versions/3.13/lib/python3.13/contextlib.py", line 162, in __exit__
    |     self.gen.throw(value)
    |     ~~~~~~~~~~~~~~^^^^^^^
    |   File "/Users/mohammed/Documents/Bayan/backend/venv/lib/python3.13/site-packages/starlette/_utils.py", line 85, in collapse_excgroups
    |     raise exc
    |   File "/Users/mohammed/Documents/Bayan/backend/venv/lib/python3.13/site-packages/starlette/middleware/base.py", line 184, in __call__
    |     response = await self.dispatch_func(request, call_next)
    |                ^^^^^^^^^^^^^^^^^^^^^^^^^^^^^^^^^^^^^^^^^^^^
    |   File "/Users/mohammed/Documents/Bayan/backend/app/main.py", line 80, in _issues_mw
    |     return await call_next(request)
    |            ^^^^^^^^^^^^^^^^^^^^^^^^
    |   File "/Users/mohammed/Documents/Bayan/backend/venv/lib/python3.13/site-packages/starlette/middleware/base.py", line 159, in call_next
    |     raise app_exc
    |   File "/Users/mohammed/Documents/Bayan/backend/venv/lib/python3.13/site-packages/starlette/middleware/base.py", line 144, in coro
    |     await self.app(scope, receive_or_disconnect, send_no_error)
    |   File "/Users/mohammed/Documents/Bayan/backend/venv/lib/python3.13/site-packages/starlette/middleware/base.py", line 182, in __call__
    |     with recv_stream, send_stream, collapse_excgroups():
    |                                    ~~~~~~~~~~~~~~~~~~^^
    |   File "/opt/homebrew/Cellar/python@3.13/3.13.5/Frameworks/Python.framework/Versions/3.13/lib/python3.13/contextlib.py", line 162, in __exit__
    |     self.gen.throw(value)
    |     ~~~~~~~~~~~~~~^^^^^^^
    |   File "/Users/mohammed/Documents/Bayan/backend/venv/lib/python3.13/site-packages/starlette/_utils.py", line 85, in collapse_excgroups
    |     raise exc
    |   File "/Users/mohammed/Documents/Bayan/backend/venv/lib/python3.13/site-packages/starlette/middleware/base.py", line 184, in __call__
    |     response = await self.dispatch_func(request, call_next)
    |                ^^^^^^^^^^^^^^^^^^^^^^^^^^^^^^^^^^^^^^^^^^^^
    |   File "/Users/mohammed/Documents/Bayan/backend/app/main.py", line 69, in _metrics_mw
    |     resp: Response = await call_next(request)
    |                      ^^^^^^^^^^^^^^^^^^^^^^^^
    |   File "/Users/mohammed/Documents/Bayan/backend/venv/lib/python3.13/site-packages/starlette/middleware/base.py", line 159, in call_next
    |     raise app_exc
    |   File "/Users/mohammed/Documents/Bayan/backend/venv/lib/python3.13/site-packages/starlette/middleware/base.py", line 144, in coro
    |     await self.app(scope, receive_or_disconnect, send_no_error)
    |   File "/Users/mohammed/Documents/Bayan/backend/venv/lib/python3.13/site-packages/uvicorn/middleware/proxy_headers.py", line 60, in __call__
    |     return await self.app(scope, receive, send)
    |            ^^^^^^^^^^^^^^^^^^^^^^^^^^^^^^^^^^^^
    |   File "/Users/mohammed/Documents/Bayan/backend/venv/lib/python3.13/site-packages/starlette/middleware/cors.py", line 93, in __call__
    |     await self.simple_response(scope, receive, send, request_headers=headers)
    |   File "/Users/mohammed/Documents/Bayan/backend/venv/lib/python3.13/site-packages/starlette/middleware/cors.py", line 144, in simple_response
    |     await self.app(scope, receive, send)
    |   File "/Users/mohammed/Documents/Bayan/backend/venv/lib/python3.13/site-packages/starlette/middleware/exceptions.py", line 63, in __call__
    |     await wrap_app_handling_exceptions(self.app, conn)(scope, receive, send)
    |   File "/Users/mohammed/Documents/Bayan/backend/venv/lib/python3.13/site-packages/starlette/_exception_handler.py", line 53, in wrapped_app
    |     raise exc
    |   File "/Users/mohammed/Documents/Bayan/backend/venv/lib/python3.13/site-packages/starlette/_exception_handler.py", line 42, in wrapped_app
    |     await app(scope, receive, sender)
    |   File "/Users/mohammed/Documents/Bayan/backend/venv/lib/python3.13/site-packages/fastapi/middleware/asyncexitstack.py", line 18, in __call__
    |     await self.app(scope, receive, send)
    |   File "/Users/mohammed/Documents/Bayan/backend/venv/lib/python3.13/site-packages/starlette/routing.py", line 716, in __call__
    |     await self.middleware_stack(scope, receive, send)
    |   File "/Users/mohammed/Documents/Bayan/backend/venv/lib/python3.13/site-packages/starlette/routing.py", line 736, in app
    |     await route.handle(scope, receive, send)
    |   File "/Users/mohammed/Documents/Bayan/backend/venv/lib/python3.13/site-packages/starlette/routing.py", line 290, in handle
    |     await self.app(scope, receive, send)
    |   File "/Users/mohammed/Documents/Bayan/backend/venv/lib/python3.13/site-packages/fastapi/routing.py", line 124, in app
    |     await wrap_app_handling_exceptions(app, request)(scope, receive, send)
    |   File "/Users/mohammed/Documents/Bayan/backend/venv/lib/python3.13/site-packages/starlette/_exception_handler.py", line 53, in wrapped_app
    |     raise exc
    |   File "/Users/mohammed/Documents/Bayan/backend/venv/lib/python3.13/site-packages/starlette/_exception_handler.py", line 42, in wrapped_app
    |     await app(scope, receive, sender)
    |   File "/Users/mohammed/Documents/Bayan/backend/venv/lib/python3.13/site-packages/fastapi/routing.py", line 110, in app
    |     response = await f(request)
    |                ^^^^^^^^^^^^^^^^
    |   File "/Users/mohammed/Documents/Bayan/backend/venv/lib/python3.13/site-packages/fastapi/routing.py", line 390, in app
    |     raw_response = await run_endpoint_function(
    |                    ^^^^^^^^^^^^^^^^^^^^^^^^^^^^
    |     ...<3 lines>...
    |     )
    |     ^
    |   File "/Users/mohammed/Documents/Bayan/backend/venv/lib/python3.13/site-packages/fastapi/routing.py", line 291, in run_endpoint_function
    |     return await run_in_threadpool(dependant.call, **values)
    |            ^^^^^^^^^^^^^^^^^^^^^^^^^^^^^^^^^^^^^^^^^^^^^^^^^
    |   File "/Users/mohammed/Documents/Bayan/backend/venv/lib/python3.13/site-packages/starlette/concurrency.py", line 38, in run_in_threadpool
    |     return await anyio.to_thread.run_sync(func)
    |            ^^^^^^^^^^^^^^^^^^^^^^^^^^^^^^^^^^^^
    |   File "/Users/mohammed/Documents/Bayan/backend/venv/lib/python3.13/site-packages/anyio/to_thread.py", line 56, in run_sync
    |     return await get_async_backend().run_sync_in_worker_thread(
    |            ^^^^^^^^^^^^^^^^^^^^^^^^^^^^^^^^^^^^^^^^^^^^^^^^^^^^
    |         func, args, abandon_on_cancel=abandon_on_cancel, limiter=limiter
    |         ^^^^^^^^^^^^^^^^^^^^^^^^^^^^^^^^^^^^^^^^^^^^^^^^^^^^^^^^^^^^^^^^
    |     )
    |     ^
    |   File "/Users/mohammed/Documents/Bayan/backend/venv/lib/python3.13/site-packages/anyio/_backends/_asyncio.py", line 2485, in run_sync_in_worker_thread
    |     return await future
    |            ^^^^^^^^^^^^
    |   File "/Users/mohammed/Documents/Bayan/backend/venv/lib/python3.13/site-packages/anyio/_backends/_asyncio.py", line 976, in run
    |     result = context.run(func, *args)
    |   File "/Users/mohammed/Documents/Bayan/backend/app/routers/query.py", line 4051, in distinct_values
    |     cur = conn.execute(sql_qm, vals)
    | _duckdb.BinderException: Binder Error: Referenced column "ClientType" not found in FROM clause!
    | Candidate bindings: "ClientID", "ToClientName", "ToClientID", "FromClientName", "FromClientID"
    | 
    | LINE 1: ..._View_CIT_Invoice_Details_PriceList3" AS s) AS _base WHERE "ClientType" IN ('Bank', 'CIT Company', 'Retail') ORDER...
    |                                                                       ^
    +------------------------------------

During handling of the above exception, another exception occurred:

Traceback (most recent call last):
  File "/Users/mohammed/Documents/Bayan/backend/venv/lib/python3.13/site-packages/uvicorn/protocols/http/httptools_impl.py", line 409, in run_asgi
    result = await app(  # type: ignore[func-returns-value]
             ^^^^^^^^^^^^^^^^^^^^^^^^^^^^^^^^^^^^^^^^^^^^^^
        self.scope, self.receive, self.send
        ^^^^^^^^^^^^^^^^^^^^^^^^^^^^^^^^^^^
    )
    ^
  File "/Users/mohammed/Documents/Bayan/backend/venv/lib/python3.13/site-packages/uvicorn/middleware/proxy_headers.py", line 60, in __call__
    return await self.app(scope, receive, send)
           ^^^^^^^^^^^^^^^^^^^^^^^^^^^^^^^^^^^^
  File "/Users/mohammed/Documents/Bayan/backend/venv/lib/python3.13/site-packages/fastapi/applications.py", line 1134, in __call__
    await super().__call__(scope, receive, send)
  File "/Users/mohammed/Documents/Bayan/backend/venv/lib/python3.13/site-packages/starlette/applications.py", line 113, in __call__
    await self.middleware_stack(scope, receive, send)
  File "/Users/mohammed/Documents/Bayan/backend/venv/lib/python3.13/site-packages/starlette/middleware/errors.py", line 186, in __call__
    raise exc
  File "/Users/mohammed/Documents/Bayan/backend/venv/lib/python3.13/site-packages/starlette/middleware/errors.py", line 164, in __call__
    await self.app(scope, receive, _send)
  File "/Users/mohammed/Documents/Bayan/backend/venv/lib/python3.13/site-packages/starlette/middleware/base.py", line 182, in __call__
    with recv_stream, send_stream, collapse_excgroups():
                                   ~~~~~~~~~~~~~~~~~~^^
  File "/opt/homebrew/Cellar/python@3.13/3.13.5/Frameworks/Python.framework/Versions/3.13/lib/python3.13/contextlib.py", line 162, in __exit__
    self.gen.throw(value)
    ~~~~~~~~~~~~~~^^^^^^^
  File "/Users/mohammed/Documents/Bayan/backend/venv/lib/python3.13/site-packages/starlette/_utils.py", line 85, in collapse_excgroups
    raise exc
  File "/Users/mohammed/Documents/Bayan/backend/venv/lib/python3.13/site-packages/starlette/middleware/base.py", line 184, in __call__
    response = await self.dispatch_func(request, call_next)
               ^^^^^^^^^^^^^^^^^^^^^^^^^^^^^^^^^^^^^^^^^^^^
  File "/Users/mohammed/Documents/Bayan/backend/app/main.py", line 80, in _issues_mw
    return await call_next(request)
           ^^^^^^^^^^^^^^^^^^^^^^^^
  File "/Users/mohammed/Documents/Bayan/backend/venv/lib/python3.13/site-packages/starlette/middleware/base.py", line 159, in call_next
    raise app_exc
  File "/Users/mohammed/Documents/Bayan/backend/venv/lib/python3.13/site-packages/starlette/middleware/base.py", line 144, in coro
    await self.app(scope, receive_or_disconnect, send_no_error)
  File "/Users/mohammed/Documents/Bayan/backend/venv/lib/python3.13/site-packages/starlette/middleware/base.py", line 182, in __call__
    with recv_stream, send_stream, collapse_excgroups():
                                   ~~~~~~~~~~~~~~~~~~^^
  File "/opt/homebrew/Cellar/python@3.13/3.13.5/Frameworks/Python.framework/Versions/3.13/lib/python3.13/contextlib.py", line 162, in __exit__
    self.gen.throw(value)
    ~~~~~~~~~~~~~~^^^^^^^
  File "/Users/mohammed/Documents/Bayan/backend/venv/lib/python3.13/site-packages/starlette/_utils.py", line 85, in collapse_excgroups
    raise exc
  File "/Users/mohammed/Documents/Bayan/backend/venv/lib/python3.13/site-packages/starlette/middleware/base.py", line 184, in __call__
    response = await self.dispatch_func(request, call_next)
               ^^^^^^^^^^^^^^^^^^^^^^^^^^^^^^^^^^^^^^^^^^^^
  File "/Users/mohammed/Documents/Bayan/backend/app/main.py", line 69, in _metrics_mw
    resp: Response = await call_next(request)
                     ^^^^^^^^^^^^^^^^^^^^^^^^
  File "/Users/mohammed/Documents/Bayan/backend/venv/lib/python3.13/site-packages/starlette/middleware/base.py", line 159, in call_next
    raise app_exc
  File "/Users/mohammed/Documents/Bayan/backend/venv/lib/python3.13/site-packages/starlette/middleware/base.py", line 144, in coro
    await self.app(scope, receive_or_disconnect, send_no_error)
  File "/Users/mohammed/Documents/Bayan/backend/venv/lib/python3.13/site-packages/uvicorn/middleware/proxy_headers.py", line 60, in __call__
    return await self.app(scope, receive, send)
           ^^^^^^^^^^^^^^^^^^^^^^^^^^^^^^^^^^^^
  File "/Users/mohammed/Documents/Bayan/backend/venv/lib/python3.13/site-packages/starlette/middleware/cors.py", line 93, in __call__
    await self.simple_response(scope, receive, send, request_headers=headers)
  File "/Users/mohammed/Documents/Bayan/backend/venv/lib/python3.13/site-packages/starlette/middleware/cors.py", line 144, in simple_response
    await self.app(scope, receive, send)
  File "/Users/mohammed/Documents/Bayan/backend/venv/lib/python3.13/site-packages/starlette/middleware/exceptions.py", line 63, in __call__
    await wrap_app_handling_exceptions(self.app, conn)(scope, receive, send)
  File "/Users/mohammed/Documents/Bayan/backend/venv/lib/python3.13/site-packages/starlette/_exception_handler.py", line 53, in wrapped_app
    raise exc
  File "/Users/mohammed/Documents/Bayan/backend/venv/lib/python3.13/site-packages/starlette/_exception_handler.py", line 42, in wrapped_app
    await app(scope, receive, sender)
  File "/Users/mohammed/Documents/Bayan/backend/venv/lib/python3.13/site-packages/fastapi/middleware/asyncexitstack.py", line 18, in __call__
    await self.app(scope, receive, send)
  File "/Users/mohammed/Documents/Bayan/backend/venv/lib/python3.13/site-packages/starlette/routing.py", line 716, in __call__
    await self.middleware_stack(scope, receive, send)
  File "/Users/mohammed/Documents/Bayan/backend/venv/lib/python3.13/site-packages/starlette/routing.py", line 736, in app
    await route.handle(scope, receive, send)
  File "/Users/mohammed/Documents/Bayan/backend/venv/lib/python3.13/site-packages/starlette/routing.py", line 290, in handle
    await self.app(scope, receive, send)
  File "/Users/mohammed/Documents/Bayan/backend/venv/lib/python3.13/site-packages/fastapi/routing.py", line 124, in app
    await wrap_app_handling_exceptions(app, request)(scope, receive, send)
  File "/Users/mohammed/Documents/Bayan/backend/venv/lib/python3.13/site-packages/starlette/_exception_handler.py", line 53, in wrapped_app
    raise exc
  File "/Users/mohammed/Documents/Bayan/backend/venv/lib/python3.13/site-packages/starlette/_exception_handler.py", line 42, in wrapped_app
    await app(scope, receive, sender)
  File "/Users/mohammed/Documents/Bayan/backend/venv/lib/python3.13/site-packages/fastapi/routing.py", line 110, in app
    response = await f(request)
               ^^^^^^^^^^^^^^^^
  File "/Users/mohammed/Documents/Bayan/backend/venv/lib/python3.13/site-packages/fastapi/routing.py", line 390, in app
    raw_response = await run_endpoint_function(
                   ^^^^^^^^^^^^^^^^^^^^^^^^^^^^
    ...<3 lines>...
    )
    ^
  File "/Users/mohammed/Documents/Bayan/backend/venv/lib/python3.13/site-packages/fastapi/routing.py", line 291, in run_endpoint_function
    return await run_in_threadpool(dependant.call, **values)
           ^^^^^^^^^^^^^^^^^^^^^^^^^^^^^^^^^^^^^^^^^^^^^^^^^
  File "/Users/mohammed/Documents/Bayan/backend/venv/lib/python3.13/site-packages/starlette/concurrency.py", line 38, in run_in_threadpool
    return await anyio.to_thread.run_sync(func)
           ^^^^^^^^^^^^^^^^^^^^^^^^^^^^^^^^^^^^
  File "/Users/mohammed/Documents/Bayan/backend/venv/lib/python3.13/site-packages/anyio/to_thread.py", line 56, in run_sync
    return await get_async_backend().run_sync_in_worker_thread(
           ^^^^^^^^^^^^^^^^^^^^^^^^^^^^^^^^^^^^^^^^^^^^^^^^^^^^
        func, args, abandon_on_cancel=abandon_on_cancel, limiter=limiter
        ^^^^^^^^^^^^^^^^^^^^^^^^^^^^^^^^^^^^^^^^^^^^^^^^^^^^^^^^^^^^^^^^
    )
    ^
  File "/Users/mohammed/Documents/Bayan/backend/venv/lib/python3.13/site-packages/anyio/_backends/_asyncio.py", line 2485, in run_sync_in_worker_thread
    return await future
           ^^^^^^^^^^^^
  File "/Users/mohammed/Documents/Bayan/backend/venv/lib/python3.13/site-packages/anyio/_backends/_asyncio.py", line 976, in run
    result = context.run(func, *args)
  File "/Users/mohammed/Documents/Bayan/backend/app/routers/query.py", line 4051, in distinct_values
    cur = conn.execute(sql_qm, vals)
_duckdb.BinderException: Binder Error: Referenced column "ClientType" not found in FROM clause!
Candidate bindings: "ClientID", "ToClientName", "ToClientID", "FromClientName", "FromClientID"

LINE 1: ..._View_CIT_Invoice_Details_PriceList3" AS s) AS _base WHERE "ClientType" IN ('Bank', 'CIT Company', 'Retail') ORDER...
                                                                      ^
[BACKEND] /query/spec agg extraction: spec.agg=None, agg=none, spec.y=None, spec.series=None
[BACKEND] /query/spec agg extraction: spec.agg=None, agg=none, spec.y=None, spec.series=None
[BACKEND] /query/spec agg extraction: spec.agg=None, agg=none, spec.y=None, spec.series=None
[BACKEND] /query/spec agg extraction: spec.agg=None, agg=none, spec.y=None, spec.series=None
[BACKEND] /query/spec agg extraction: spec.agg=None, agg=none, spec.y=None, spec.series=None
[BACKEND] /query/spec agg extraction: spec.agg=None, agg=none, spec.y=None, spec.series=None
[BACKEND] /query/spec agg extraction: spec.agg=None, agg=none, spec.y=None, spec.series=None
[BACKEND] /query/spec agg extraction: spec.agg=None, agg=none, spec.y=None, spec.series=None
[BACKEND] /query/spec agg extraction: spec.agg=None, agg=none, spec.y=None, spec.series=None
[BACKEND] /query/spec agg extraction: spec.agg=None, agg=none, spec.y=None, spec.series=None
[BACKEND] /query/spec agg extraction: spec.agg=None, agg=none, spec.y=None, spec.series=None
[BACKEND] /query/spec agg extraction: spec.agg=None, agg=none, spec.y=None, spec.series=None
[BACKEND] /query/spec agg extraction: spec.agg=None, agg=none, spec.y=None, spec.series=None
[BACKEND] /query/spec agg extraction: spec.agg=None, agg=none, spec.y=None, spec.series=None
[BACKEND] /query/spec agg extraction: spec.agg=None, agg=none, spec.y=None, spec.series=None
[BACKEND] /query/spec agg extraction: spec.agg=None, agg=none, spec.y=None, spec.series=None
[BACKEND] /query/spec agg extraction: spec.agg=None, agg=none, spec.y=None, spec.series=None
[BACKEND] /query/spec agg extraction: spec.agg=None, agg=none, spec.y=None, spec.series=None
[BACKEND] /query/spec agg extraction: spec.agg=None, agg=none, spec.y=None, spec.series=None
[BACKEND] /query/spec agg extraction: spec.agg=None, agg=none, spec.y=None, spec.series=None
[BACKEND] /query/spec agg extraction: spec.agg=None, agg=none, spec.y=None, spec.series=None
[SQLGlot] Config check: enable_sqlglot=True, sqlglot_users='*', user_id=None
[SQLGlot] ENABLED for all users (wildcard or empty)
[SQLGlot] ENABLED for /distinct endpoint, dialect=duckdb
[SQLGlot] Generated DISTINCT SQL (duckdb): SELECT DISTINCT "ClientType" FROM (SELECT s.* FROM "main"."03766424_cf71_46d4_a3bd_6a35ea5dc886__View_CIT_Invoice_Details_PriceList3" AS s) AS _base W...
[SQLGlot] Generated DISTINCT SQL: SELECT DISTINCT "ClientType" FROM (SELECT s.* FROM "main"."03766424_cf71_46d4_a3bd_6a35ea5dc886__View_CIT_Invoice_Details_PriceList3" AS s) AS _base W...
[SQLGlot] Config check: enable_sqlglot=True, sqlglot_users='*', user_id=None
[SQLGlot] ENABLED for all users (wildcard or empty)
[SQLGlot] ENABLED for /distinct endpoint, dialect=duckdb
[SQLGlot] Generated DISTINCT SQL (duckdb): SELECT DISTINCT "ClientType" FROM (SELECT s.* FROM "main"."03766424_cf71_46d4_a3bd_6a35ea5dc886__View_CIT_Invoice_Details_PriceList3" AS s) AS _base W...
[SQLGlot] Generated DISTINCT SQL: SELECT DISTINCT "ClientType" FROM (SELECT s.* FROM "main"."03766424_cf71_46d4_a3bd_6a35ea5dc886__View_CIT_Invoice_Details_PriceList3" AS s) AS _base W...
[2025-11-08 09:37:23 +0200] [23375] [ERROR] Exception in ASGI application
  + Exception Group Traceback (most recent call last):
  |   File "/Users/mohammed/Documents/Bayan/backend/venv/lib/python3.13/site-packages/starlette/_utils.py", line 79, in collapse_excgroups
  |     yield
  |   File "/Users/mohammed/Documents/Bayan/backend/venv/lib/python3.13/site-packages/starlette/middleware/base.py", line 183, in __call__
  |     async with anyio.create_task_group() as task_group:
  |                ~~~~~~~~~~~~~~~~~~~~~~~^^
  |   File "/Users/mohammed/Documents/Bayan/backend/venv/lib/python3.13/site-packages/anyio/_backends/_asyncio.py", line 781, in __aexit__
  |     raise BaseExceptionGroup(
  |         "unhandled errors in a TaskGroup", self._exceptions
  |     ) from None
  | ExceptionGroup: unhandled errors in a TaskGroup (1 sub-exception)
  +-+---------------- 1 ----------------
    | Traceback (most recent call last):
    |   File "/Users/mohammed/Documents/Bayan/backend/venv/lib/python3.13/site-packages/uvicorn/protocols/http/httptools_impl.py", line 409, in run_asgi
    |     result = await app(  # type: ignore[func-returns-value]
    |              ^^^^^^^^^^^^^^^^^^^^^^^^^^^^^^^^^^^^^^^^^^^^^^
    |         self.scope, self.receive, self.send
    |         ^^^^^^^^^^^^^^^^^^^^^^^^^^^^^^^^^^^
    |     )
    |     ^
    |   File "/Users/mohammed/Documents/Bayan/backend/venv/lib/python3.13/site-packages/uvicorn/middleware/proxy_headers.py", line 60, in __call__
    |     return await self.app(scope, receive, send)
    |            ^^^^^^^^^^^^^^^^^^^^^^^^^^^^^^^^^^^^
    |   File "/Users/mohammed/Documents/Bayan/backend/venv/lib/python3.13/site-packages/fastapi/applications.py", line 1134, in __call__
    |     await super().__call__(scope, receive, send)
    |   File "/Users/mohammed/Documents/Bayan/backend/venv/lib/python3.13/site-packages/starlette/applications.py", line 113, in __call__
    |     await self.middleware_stack(scope, receive, send)
    |   File "/Users/mohammed/Documents/Bayan/backend/venv/lib/python3.13/site-packages/starlette/middleware/errors.py", line 186, in __call__
    |     raise exc
    |   File "/Users/mohammed/Documents/Bayan/backend/venv/lib/python3.13/site-packages/starlette/middleware/errors.py", line 164, in __call__
    |     await self.app(scope, receive, _send)
    |   File "/Users/mohammed/Documents/Bayan/backend/venv/lib/python3.13/site-packages/starlette/middleware/base.py", line 182, in __call__
    |     with recv_stream, send_stream, collapse_excgroups():
    |                                    ~~~~~~~~~~~~~~~~~~^^
    |   File "/opt/homebrew/Cellar/python@3.13/3.13.5/Frameworks/Python.framework/Versions/3.13/lib/python3.13/contextlib.py", line 162, in __exit__
    |     self.gen.throw(value)
    |     ~~~~~~~~~~~~~~^^^^^^^
    |   File "/Users/mohammed/Documents/Bayan/backend/venv/lib/python3.13/site-packages/starlette/_utils.py", line 85, in collapse_excgroups
    |     raise exc
    |   File "/Users/mohammed/Documents/Bayan/backend/venv/lib/python3.13/site-packages/starlette/middleware/base.py", line 184, in __call__
    |     response = await self.dispatch_func(request, call_next)
    |                ^^^^^^^^^^^^^^^^^^^^^^^^^^^^^^^^^^^^^^^^^^^^
    |   File "/Users/mohammed/Documents/Bayan/backend/app/main.py", line 80, in _issues_mw
    |     return await call_next(request)
    |            ^^^^^^^^^^^^^^^^^^^^^^^^
    |   File "/Users/mohammed/Documents/Bayan/backend/venv/lib/python3.13/site-packages/starlette/middleware/base.py", line 159, in call_next
    |     raise app_exc
    |   File "/Users/mohammed/Documents/Bayan/backend/venv/lib/python3.13/site-packages/starlette/middleware/base.py", line 144, in coro
    |     await self.app(scope, receive_or_disconnect, send_no_error)
    |   File "/Users/mohammed/Documents/Bayan/backend/venv/lib/python3.13/site-packages/starlette/middleware/base.py", line 182, in __call__
    |     with recv_stream, send_stream, collapse_excgroups():
    |                                    ~~~~~~~~~~~~~~~~~~^^
    |   File "/opt/homebrew/Cellar/python@3.13/3.13.5/Frameworks/Python.framework/Versions/3.13/lib/python3.13/contextlib.py", line 162, in __exit__
    |     self.gen.throw(value)
    |     ~~~~~~~~~~~~~~^^^^^^^
    |   File "/Users/mohammed/Documents/Bayan/backend/venv/lib/python3.13/site-packages/starlette/_utils.py", line 85, in collapse_excgroups
    |     raise exc
    |   File "/Users/mohammed/Documents/Bayan/backend/venv/lib/python3.13/site-packages/starlette/middleware/base.py", line 184, in __call__
    |     response = await self.dispatch_func(request, call_next)
    |                ^^^^^^^^^^^^^^^^^^^^^^^^^^^^^^^^^^^^^^^^^^^^
    |   File "/Users/mohammed/Documents/Bayan/backend/app/main.py", line 69, in _metrics_mw
    |     resp: Response = await call_next(request)
    |                      ^^^^^^^^^^^^^^^^^^^^^^^^
    |   File "/Users/mohammed/Documents/Bayan/backend/venv/lib/python3.13/site-packages/starlette/middleware/base.py", line 159, in call_next
    |     raise app_exc
    |   File "/Users/mohammed/Documents/Bayan/backend/venv/lib/python3.13/site-packages/starlette/middleware/base.py", line 144, in coro
    |     await self.app(scope, receive_or_disconnect, send_no_error)
    |   File "/Users/mohammed/Documents/Bayan/backend/venv/lib/python3.13/site-packages/uvicorn/middleware/proxy_headers.py", line 60, in __call__
    |     return await self.app(scope, receive, send)
    |            ^^^^^^^^^^^^^^^^^^^^^^^^^^^^^^^^^^^^
    |   File "/Users/mohammed/Documents/Bayan/backend/venv/lib/python3.13/site-packages/starlette/middleware/cors.py", line 93, in __call__
    |     await self.simple_response(scope, receive, send, request_headers=headers)
    |   File "/Users/mohammed/Documents/Bayan/backend/venv/lib/python3.13/site-packages/starlette/middleware/cors.py", line 144, in simple_response
    |     await self.app(scope, receive, send)
    |   File "/Users/mohammed/Documents/Bayan/backend/venv/lib/python3.13/site-packages/starlette/middleware/exceptions.py", line 63, in __call__
    |     await wrap_app_handling_exceptions(self.app, conn)(scope, receive, send)
    |   File "/Users/mohammed/Documents/Bayan/backend/venv/lib/python3.13/site-packages/starlette/_exception_handler.py", line 53, in wrapped_app
    |     raise exc
    |   File "/Users/mohammed/Documents/Bayan/backend/venv/lib/python3.13/site-packages/starlette/_exception_handler.py", line 42, in wrapped_app
    |     await app(scope, receive, sender)
    |   File "/Users/mohammed/Documents/Bayan/backend/venv/lib/python3.13/site-packages/fastapi/middleware/asyncexitstack.py", line 18, in __call__
    |     await self.app(scope, receive, send)
    |   File "/Users/mohammed/Documents/Bayan/backend/venv/lib/python3.13/site-packages/starlette/routing.py", line 716, in __call__
    |     await self.middleware_stack(scope, receive, send)
    |   File "/Users/mohammed/Documents/Bayan/backend/venv/lib/python3.13/site-packages/starlette/routing.py", line 736, in app
    |     await route.handle(scope, receive, send)
    |   File "/Users/mohammed/Documents/Bayan/backend/venv/lib/python3.13/site-packages/starlette/routing.py", line 290, in handle
    |     await self.app(scope, receive, send)
    |   File "/Users/mohammed/Documents/Bayan/backend/venv/lib/python3.13/site-packages/fastapi/routing.py", line 124, in app
    |     await wrap_app_handling_exceptions(app, request)(scope, receive, send)
    |   File "/Users/mohammed/Documents/Bayan/backend/venv/lib/python3.13/site-packages/starlette/_exception_handler.py", line 53, in wrapped_app
    |     raise exc
    |   File "/Users/mohammed/Documents/Bayan/backend/venv/lib/python3.13/site-packages/starlette/_exception_handler.py", line 42, in wrapped_app
    |     await app(scope, receive, sender)
    |   File "/Users/mohammed/Documents/Bayan/backend/venv/lib/python3.13/site-packages/fastapi/routing.py", line 110, in app
    |     response = await f(request)
    |                ^^^^^^^^^^^^^^^^
    |   File "/Users/mohammed/Documents/Bayan/backend/venv/lib/python3.13/site-packages/fastapi/routing.py", line 390, in app
    |     raw_response = await run_endpoint_function(
    |                    ^^^^^^^^^^^^^^^^^^^^^^^^^^^^
    |     ...<3 lines>...
    |     )
    |     ^
    |   File "/Users/mohammed/Documents/Bayan/backend/venv/lib/python3.13/site-packages/fastapi/routing.py", line 291, in run_endpoint_function
    |     return await run_in_threadpool(dependant.call, **values)
    |            ^^^^^^^^^^^^^^^^^^^^^^^^^^^^^^^^^^^^^^^^^^^^^^^^^
    |   File "/Users/mohammed/Documents/Bayan/backend/venv/lib/python3.13/site-packages/starlette/concurrency.py", line 38, in run_in_threadpool
    |     return await anyio.to_thread.run_sync(func)
    |            ^^^^^^^^^^^^^^^^^^^^^^^^^^^^^^^^^^^^
    |   File "/Users/mohammed/Documents/Bayan/backend/venv/lib/python3.13/site-packages/anyio/to_thread.py", line 56, in run_sync
    |     return await get_async_backend().run_sync_in_worker_thread(
    |            ^^^^^^^^^^^^^^^^^^^^^^^^^^^^^^^^^^^^^^^^^^^^^^^^^^^^
    |         func, args, abandon_on_cancel=abandon_on_cancel, limiter=limiter
    |         ^^^^^^^^^^^^^^^^^^^^^^^^^^^^^^^^^^^^^^^^^^^^^^^^^^^^^^^^^^^^^^^^
    |     )
    |     ^
    |   File "/Users/mohammed/Documents/Bayan/backend/venv/lib/python3.13/site-packages/anyio/_backends/_asyncio.py", line 2485, in run_sync_in_worker_thread
    |     return await future
    |            ^^^^^^^^^^^^
    |   File "/Users/mohammed/Documents/Bayan/backend/venv/lib/python3.13/site-packages/anyio/_backends/_asyncio.py", line 976, in run
    |     result = context.run(func, *args)
    |   File "/Users/mohammed/Documents/Bayan/backend/app/routers/query.py", line 4051, in distinct_values
    |     cur = conn.execute(sql_qm, vals)
    | _duckdb.BinderException: Binder Error: Referenced column "OrderDate (Year)" not found in FROM clause!
    | Candidate bindings: "OrderDate", "OrderID", "OrderUID", "OrderDetailsID", "RecordDateEntry"
    | 
    | LINE 1: ..._View_CIT_Invoice_Details_PriceList3" AS s) AS _base WHERE "OrderDate (Year)" IN ('2018', '2019') ORDER BY "ClientType...
    |                                                                       ^
    +------------------------------------

During handling of the above exception, another exception occurred:

Traceback (most recent call last):
  File "/Users/mohammed/Documents/Bayan/backend/venv/lib/python3.13/site-packages/uvicorn/protocols/http/httptools_impl.py", line 409, in run_asgi
    result = await app(  # type: ignore[func-returns-value]
             ^^^^^^^^^^^^^^^^^^^^^^^^^^^^^^^^^^^^^^^^^^^^^^
        self.scope, self.receive, self.send
        ^^^^^^^^^^^^^^^^^^^^^^^^^^^^^^^^^^^
    )
    ^
  File "/Users/mohammed/Documents/Bayan/backend/venv/lib/python3.13/site-packages/uvicorn/middleware/proxy_headers.py", line 60, in __call__
    return await self.app(scope, receive, send)
           ^^^^^^^^^^^^^^^^^^^^^^^^^^^^^^^^^^^^
  File "/Users/mohammed/Documents/Bayan/backend/venv/lib/python3.13/site-packages/fastapi/applications.py", line 1134, in __call__
    await super().__call__(scope, receive, send)
  File "/Users/mohammed/Documents/Bayan/backend/venv/lib/python3.13/site-packages/starlette/applications.py", line 113, in __call__
    await self.middleware_stack(scope, receive, send)
  File "/Users/mohammed/Documents/Bayan/backend/venv/lib/python3.13/site-packages/starlette/middleware/errors.py", line 186, in __call__
    raise exc
  File "/Users/mohammed/Documents/Bayan/backend/venv/lib/python3.13/site-packages/starlette/middleware/errors.py", line 164, in __call__
    await self.app(scope, receive, _send)
  File "/Users/mohammed/Documents/Bayan/backend/venv/lib/python3.13/site-packages/starlette/middleware/base.py", line 182, in __call__
    with recv_stream, send_stream, collapse_excgroups():
                                   ~~~~~~~~~~~~~~~~~~^^
  File "/opt/homebrew/Cellar/python@3.13/3.13.5/Frameworks/Python.framework/Versions/3.13/lib/python3.13/contextlib.py", line 162, in __exit__
    self.gen.throw(value)
    ~~~~~~~~~~~~~~^^^^^^^
  File "/Users/mohammed/Documents/Bayan/backend/venv/lib/python3.13/site-packages/starlette/_utils.py", line 85, in collapse_excgroups
    raise exc
  File "/Users/mohammed/Documents/Bayan/backend/venv/lib/python3.13/site-packages/starlette/middleware/base.py", line 184, in __call__
    response = await self.dispatch_func(request, call_next)
               ^^^^^^^^^^^^^^^^^^^^^^^^^^^^^^^^^^^^^^^^^^^^
  File "/Users/mohammed/Documents/Bayan/backend/app/main.py", line 80, in _issues_mw
    return await call_next(request)
           ^^^^^^^^^^^^^^^^^^^^^^^^
  File "/Users/mohammed/Documents/Bayan/backend/venv/lib/python3.13/site-packages/starlette/middleware/base.py", line 159, in call_next
    raise app_exc
  File "/Users/mohammed/Documents/Bayan/backend/venv/lib/python3.13/site-packages/starlette/middleware/base.py", line 144, in coro
    await self.app(scope, receive_or_disconnect, send_no_error)
  File "/Users/mohammed/Documents/Bayan/backend/venv/lib/python3.13/site-packages/starlette/middleware/base.py", line 182, in __call__
    with recv_stream, send_stream, collapse_excgroups():
                                   ~~~~~~~~~~~~~~~~~~^^
  File "/opt/homebrew/Cellar/python@3.13/3.13.5/Frameworks/Python.framework/Versions/3.13/lib/python3.13/contextlib.py", line 162, in __exit__
    self.gen.throw(value)
    ~~~~~~~~~~~~~~^^^^^^^
  File "/Users/mohammed/Documents/Bayan/backend/venv/lib/python3.13/site-packages/starlette/_utils.py", line 85, in collapse_excgroups
    raise exc
  File "/Users/mohammed/Documents/Bayan/backend/venv/lib/python3.13/site-packages/starlette/middleware/base.py", line 184, in __call__
    response = await self.dispatch_func(request, call_next)
               ^^^^^^^^^^^^^^^^^^^^^^^^^^^^^^^^^^^^^^^^^^^^
  File "/Users/mohammed/Documents/Bayan/backend/app/main.py", line 69, in _metrics_mw
    resp: Response = await call_next(request)
                     ^^^^^^^^^^^^^^^^^^^^^^^^
  File "/Users/mohammed/Documents/Bayan/backend/venv/lib/python3.13/site-packages/starlette/middleware/base.py", line 159, in call_next
    raise app_exc
  File "/Users/mohammed/Documents/Bayan/backend/venv/lib/python3.13/site-packages/starlette/middleware/base.py", line 144, in coro
    await self.app(scope, receive_or_disconnect, send_no_error)
  File "/Users/mohammed/Documents/Bayan/backend/venv/lib/python3.13/site-packages/uvicorn/middleware/proxy_headers.py", line 60, in __call__
    return await self.app(scope, receive, send)
           ^^^^^^^^^^^^^^^^^^^^^^^^^^^^^^^^^^^^
  File "/Users/mohammed/Documents/Bayan/backend/venv/lib/python3.13/site-packages/starlette/middleware/cors.py", line 93, in __call__
    await self.simple_response(scope, receive, send, request_headers=headers)
  File "/Users/mohammed/Documents/Bayan/backend/venv/lib/python3.13/site-packages/starlette/middleware/cors.py", line 144, in simple_response
    await self.app(scope, receive, send)
  File "/Users/mohammed/Documents/Bayan/backend/venv/lib/python3.13/site-packages/starlette/middleware/exceptions.py", line 63, in __call__
    await wrap_app_handling_exceptions(self.app, conn)(scope, receive, send)
  File "/Users/mohammed/Documents/Bayan/backend/venv/lib/python3.13/site-packages/starlette/_exception_handler.py", line 53, in wrapped_app
    raise exc
  File "/Users/mohammed/Documents/Bayan/backend/venv/lib/python3.13/site-packages/starlette/_exception_handler.py", line 42, in wrapped_app
    await app(scope, receive, sender)
  File "/Users/mohammed/Documents/Bayan/backend/venv/lib/python3.13/site-packages/fastapi/middleware/asyncexitstack.py", line 18, in __call__
    await self.app(scope, receive, send)
  File "/Users/mohammed/Documents/Bayan/backend/venv/lib/python3.13/site-packages/starlette/routing.py", line 716, in __call__
    await self.middleware_stack(scope, receive, send)
  File "/Users/mohammed/Documents/Bayan/backend/venv/lib/python3.13/site-packages/starlette/routing.py", line 736, in app
    await route.handle(scope, receive, send)
  File "/Users/mohammed/Documents/Bayan/backend/venv/lib/python3.13/site-packages/starlette/routing.py", line 290, in handle
    await self.app(scope, receive, send)
  File "/Users/mohammed/Documents/Bayan/backend/venv/lib/python3.13/site-packages/fastapi/routing.py", line 124, in app
    await wrap_app_handling_exceptions(app, request)(scope, receive, send)
  File "/Users/mohammed/Documents/Bayan/backend/venv/lib/python3.13/site-packages/starlette/_exception_handler.py", line 53, in wrapped_app
    raise exc
  File "/Users/mohammed/Documents/Bayan/backend/venv/lib/python3.13/site-packages/starlette/_exception_handler.py", line 42, in wrapped_app
    await app(scope, receive, sender)
  File "/Users/mohammed/Documents/Bayan/backend/venv/lib/python3.13/site-packages/fastapi/routing.py", line 110, in app
    response = await f(request)
               ^^^^^^^^^^^^^^^^
  File "/Users/mohammed/Documents/Bayan/backend/venv/lib/python3.13/site-packages/fastapi/routing.py", line 390, in app
    raw_response = await run_endpoint_function(
                   ^^^^^^^^^^^^^^^^^^^^^^^^^^^^
    ...<3 lines>...
    )
    ^
  File "/Users/mohammed/Documents/Bayan/backend/venv/lib/python3.13/site-packages/fastapi/routing.py", line 291, in run_endpoint_function
    return await run_in_threadpool(dependant.call, **values)
           ^^^^^^^^^^^^^^^^^^^^^^^^^^^^^^^^^^^^^^^^^^^^^^^^^
  File "/Users/mohammed/Documents/Bayan/backend/venv/lib/python3.13/site-packages/starlette/concurrency.py", line 38, in run_in_threadpool
    return await anyio.to_thread.run_sync(func)
           ^^^^^^^^^^^^^^^^^^^^^^^^^^^^^^^^^^^^
  File "/Users/mohammed/Documents/Bayan/backend/venv/lib/python3.13/site-packages/anyio/to_thread.py", line 56, in run_sync
    return await get_async_backend().run_sync_in_worker_thread(
           ^^^^^^^^^^^^^^^^^^^^^^^^^^^^^^^^^^^^^^^^^^^^^^^^^^^^
        func, args, abandon_on_cancel=abandon_on_cancel, limiter=limiter
        ^^^^^^^^^^^^^^^^^^^^^^^^^^^^^^^^^^^^^^^^^^^^^^^^^^^^^^^^^^^^^^^^
    )
    ^
  File "/Users/mohammed/Documents/Bayan/backend/venv/lib/python3.13/site-packages/anyio/_backends/_asyncio.py", line 2485, in run_sync_in_worker_thread
    return await future
           ^^^^^^^^^^^^
  File "/Users/mohammed/Documents/Bayan/backend/venv/lib/python3.13/site-packages/anyio/_backends/_asyncio.py", line 976, in run
    result = context.run(func, *args)
  File "/Users/mohammed/Documents/Bayan/backend/app/routers/query.py", line 4051, in distinct_values
    cur = conn.execute(sql_qm, vals)
_duckdb.BinderException: Binder Error: Referenced column "OrderDate (Year)" not found in FROM clause!
Candidate bindings: "OrderDate", "OrderID", "OrderUID", "OrderDetailsID", "RecordDateEntry"

LINE 1: ..._View_CIT_Invoice_Details_PriceList3" AS s) AS _base WHERE "OrderDate (Year)" IN ('2018', '2019') ORDER BY "ClientType...
                                                                      ^
[2025-11-08 09:37:23 +0200] [23375] [ERROR] Exception in ASGI application
  + Exception Group Traceback (most recent call last):
  |   File "/Users/mohammed/Documents/Bayan/backend/venv/lib/python3.13/site-packages/starlette/_utils.py", line 79, in collapse_excgroups
  |     yield
  |   File "/Users/mohammed/Documents/Bayan/backend/venv/lib/python3.13/site-packages/starlette/middleware/base.py", line 183, in __call__
  |     async with anyio.create_task_group() as task_group:
  |                ~~~~~~~~~~~~~~~~~~~~~~~^^
  |   File "/Users/mohammed/Documents/Bayan/backend/venv/lib/python3.13/site-packages/anyio/_backends/_asyncio.py", line 781, in __aexit__
  |     raise BaseExceptionGroup(
  |         "unhandled errors in a TaskGroup", self._exceptions
  |     ) from None
  | ExceptionGroup: unhandled errors in a TaskGroup (1 sub-exception)
  +-+---------------- 1 ----------------
    | Traceback (most recent call last):
    |   File "/Users/mohammed/Documents/Bayan/backend/venv/lib/python3.13/site-packages/uvicorn/protocols/http/httptools_impl.py", line 409, in run_asgi
    |     result = await app(  # type: ignore[func-returns-value]
    |              ^^^^^^^^^^^^^^^^^^^^^^^^^^^^^^^^^^^^^^^^^^^^^^
    |         self.scope, self.receive, self.send
    |         ^^^^^^^^^^^^^^^^^^^^^^^^^^^^^^^^^^^
    |     )
    |     ^
    |   File "/Users/mohammed/Documents/Bayan/backend/venv/lib/python3.13/site-packages/uvicorn/middleware/proxy_headers.py", line 60, in __call__
    |     return await self.app(scope, receive, send)
    |            ^^^^^^^^^^^^^^^^^^^^^^^^^^^^^^^^^^^^
    |   File "/Users/mohammed/Documents/Bayan/backend/venv/lib/python3.13/site-packages/fastapi/applications.py", line 1134, in __call__
    |     await super().__call__(scope, receive, send)
    |   File "/Users/mohammed/Documents/Bayan/backend/venv/lib/python3.13/site-packages/starlette/applications.py", line 113, in __call__
    |     await self.middleware_stack(scope, receive, send)
    |   File "/Users/mohammed/Documents/Bayan/backend/venv/lib/python3.13/site-packages/starlette/middleware/errors.py", line 186, in __call__
    |     raise exc
    |   File "/Users/mohammed/Documents/Bayan/backend/venv/lib/python3.13/site-packages/starlette/middleware/errors.py", line 164, in __call__
    |     await self.app(scope, receive, _send)
    |   File "/Users/mohammed/Documents/Bayan/backend/venv/lib/python3.13/site-packages/starlette/middleware/base.py", line 182, in __call__
    |     with recv_stream, send_stream, collapse_excgroups():
    |                                    ~~~~~~~~~~~~~~~~~~^^
    |   File "/opt/homebrew/Cellar/python@3.13/3.13.5/Frameworks/Python.framework/Versions/3.13/lib/python3.13/contextlib.py", line 162, in __exit__
    |     self.gen.throw(value)
    |     ~~~~~~~~~~~~~~^^^^^^^
    |   File "/Users/mohammed/Documents/Bayan/backend/venv/lib/python3.13/site-packages/starlette/_utils.py", line 85, in collapse_excgroups
    |     raise exc
    |   File "/Users/mohammed/Documents/Bayan/backend/venv/lib/python3.13/site-packages/starlette/middleware/base.py", line 184, in __call__
    |     response = await self.dispatch_func(request, call_next)
    |                ^^^^^^^^^^^^^^^^^^^^^^^^^^^^^^^^^^^^^^^^^^^^
    |   File "/Users/mohammed/Documents/Bayan/backend/app/main.py", line 80, in _issues_mw
    |     return await call_next(request)
    |            ^^^^^^^^^^^^^^^^^^^^^^^^
    |   File "/Users/mohammed/Documents/Bayan/backend/venv/lib/python3.13/site-packages/starlette/middleware/base.py", line 159, in call_next
    |     raise app_exc
    |   File "/Users/mohammed/Documents/Bayan/backend/venv/lib/python3.13/site-packages/starlette/middleware/base.py", line 144, in coro
    |     await self.app(scope, receive_or_disconnect, send_no_error)
    |   File "/Users/mohammed/Documents/Bayan/backend/venv/lib/python3.13/site-packages/starlette/middleware/base.py", line 182, in __call__
    |     with recv_stream, send_stream, collapse_excgroups():
    |                                    ~~~~~~~~~~~~~~~~~~^^
    |   File "/opt/homebrew/Cellar/python@3.13/3.13.5/Frameworks/Python.framework/Versions/3.13/lib/python3.13/contextlib.py", line 162, in __exit__
    |     self.gen.throw(value)
    |     ~~~~~~~~~~~~~~^^^^^^^
    |   File "/Users/mohammed/Documents/Bayan/backend/venv/lib/python3.13/site-packages/starlette/_utils.py", line 85, in collapse_excgroups
    |     raise exc
    |   File "/Users/mohammed/Documents/Bayan/backend/venv/lib/python3.13/site-packages/starlette/middleware/base.py", line 184, in __call__
    |     response = await self.dispatch_func(request, call_next)
    |                ^^^^^^^^^^^^^^^^^^^^^^^^^^^^^^^^^^^^^^^^^^^^
    |   File "/Users/mohammed/Documents/Bayan/backend/app/main.py", line 69, in _metrics_mw
    |     resp: Response = await call_next(request)
    |                      ^^^^^^^^^^^^^^^^^^^^^^^^
    |   File "/Users/mohammed/Documents/Bayan/backend/venv/lib/python3.13/site-packages/starlette/middleware/base.py", line 159, in call_next
    |     raise app_exc
    |   File "/Users/mohammed/Documents/Bayan/backend/venv/lib/python3.13/site-packages/starlette/middleware/base.py", line 144, in coro
    |     await self.app(scope, receive_or_disconnect, send_no_error)
    |   File "/Users/mohammed/Documents/Bayan/backend/venv/lib/python3.13/site-packages/uvicorn/middleware/proxy_headers.py", line 60, in __call__
    |     return await self.app(scope, receive, send)
    |            ^^^^^^^^^^^^^^^^^^^^^^^^^^^^^^^^^^^^
    |   File "/Users/mohammed/Documents/Bayan/backend/venv/lib/python3.13/site-packages/starlette/middleware/cors.py", line 93, in __call__
    |     await self.simple_response(scope, receive, send, request_headers=headers)
    |   File "/Users/mohammed/Documents/Bayan/backend/venv/lib/python3.13/site-packages/starlette/middleware/cors.py", line 144, in simple_response
    |     await self.app(scope, receive, send)
    |   File "/Users/mohammed/Documents/Bayan/backend/venv/lib/python3.13/site-packages/starlette/middleware/exceptions.py", line 63, in __call__
    |     await wrap_app_handling_exceptions(self.app, conn)(scope, receive, send)
    |   File "/Users/mohammed/Documents/Bayan/backend/venv/lib/python3.13/site-packages/starlette/_exception_handler.py", line 53, in wrapped_app
    |     raise exc
    |   File "/Users/mohammed/Documents/Bayan/backend/venv/lib/python3.13/site-packages/starlette/_exception_handler.py", line 42, in wrapped_app
    |     await app(scope, receive, sender)
    |   File "/Users/mohammed/Documents/Bayan/backend/venv/lib/python3.13/site-packages/fastapi/middleware/asyncexitstack.py", line 18, in __call__
    |     await self.app(scope, receive, send)
    |   File "/Users/mohammed/Documents/Bayan/backend/venv/lib/python3.13/site-packages/starlette/routing.py", line 716, in __call__
    |     await self.middleware_stack(scope, receive, send)
    |   File "/Users/mohammed/Documents/Bayan/backend/venv/lib/python3.13/site-packages/starlette/routing.py", line 736, in app
    |     await route.handle(scope, receive, send)
    |   File "/Users/mohammed/Documents/Bayan/backend/venv/lib/python3.13/site-packages/starlette/routing.py", line 290, in handle
    |     await self.app(scope, receive, send)
    |   File "/Users/mohammed/Documents/Bayan/backend/venv/lib/python3.13/site-packages/fastapi/routing.py", line 124, in app
    |     await wrap_app_handling_exceptions(app, request)(scope, receive, send)
    |   File "/Users/mohammed/Documents/Bayan/backend/venv/lib/python3.13/site-packages/starlette/_exception_handler.py", line 53, in wrapped_app
    |     raise exc
    |   File "/Users/mohammed/Documents/Bayan/backend/venv/lib/python3.13/site-packages/starlette/_exception_handler.py", line 42, in wrapped_app
    |     await app(scope, receive, sender)
    |   File "/Users/mohammed/Documents/Bayan/backend/venv/lib/python3.13/site-packages/fastapi/routing.py", line 110, in app
    |     response = await f(request)
    |                ^^^^^^^^^^^^^^^^
    |   File "/Users/mohammed/Documents/Bayan/backend/venv/lib/python3.13/site-packages/fastapi/routing.py", line 390, in app
    |     raw_response = await run_endpoint_function(
    |                    ^^^^^^^^^^^^^^^^^^^^^^^^^^^^
    |     ...<3 lines>...
    |     )
    |     ^
    |   File "/Users/mohammed/Documents/Bayan/backend/venv/lib/python3.13/site-packages/fastapi/routing.py", line 291, in run_endpoint_function
    |     return await run_in_threadpool(dependant.call, **values)
    |            ^^^^^^^^^^^^^^^^^^^^^^^^^^^^^^^^^^^^^^^^^^^^^^^^^
    |   File "/Users/mohammed/Documents/Bayan/backend/venv/lib/python3.13/site-packages/starlette/concurrency.py", line 38, in run_in_threadpool
    |     return await anyio.to_thread.run_sync(func)
    |            ^^^^^^^^^^^^^^^^^^^^^^^^^^^^^^^^^^^^
    |   File "/Users/mohammed/Documents/Bayan/backend/venv/lib/python3.13/site-packages/anyio/to_thread.py", line 56, in run_sync
    |     return await get_async_backend().run_sync_in_worker_thread(
    |            ^^^^^^^^^^^^^^^^^^^^^^^^^^^^^^^^^^^^^^^^^^^^^^^^^^^^
    |         func, args, abandon_on_cancel=abandon_on_cancel, limiter=limiter
    |         ^^^^^^^^^^^^^^^^^^^^^^^^^^^^^^^^^^^^^^^^^^^^^^^^^^^^^^^^^^^^^^^^
    |     )
    |     ^
    |   File "/Users/mohammed/Documents/Bayan/backend/venv/lib/python3.13/site-packages/anyio/_backends/_asyncio.py", line 2485, in run_sync_in_worker_thread
    |     return await future
    |            ^^^^^^^^^^^^
    |   File "/Users/mohammed/Documents/Bayan/backend/venv/lib/python3.13/site-packages/anyio/_backends/_asyncio.py", line 976, in run
    |     result = context.run(func, *args)
    |   File "/Users/mohammed/Documents/Bayan/backend/app/routers/query.py", line 4051, in distinct_values
    |     cur = conn.execute(sql_qm, vals)
    | _duckdb.BinderException: Binder Error: Referenced column "OrderDate (Year)" not found in FROM clause!
    | Candidate bindings: "OrderDate", "OrderID", "OrderUID", "OrderDetailsID", "RecordDateEntry"
    | 
    | LINE 1: ..._View_CIT_Invoice_Details_PriceList3" AS s) AS _base WHERE "OrderDate (Year)" IN ('2018', '2019') ORDER BY "ClientType...
    |                                                                       ^
    +------------------------------------

During handling of the above exception, another exception occurred:

Traceback (most recent call last):
  File "/Users/mohammed/Documents/Bayan/backend/venv/lib/python3.13/site-packages/uvicorn/protocols/http/httptools_impl.py", line 409, in run_asgi
    result = await app(  # type: ignore[func-returns-value]
             ^^^^^^^^^^^^^^^^^^^^^^^^^^^^^^^^^^^^^^^^^^^^^^
        self.scope, self.receive, self.send
        ^^^^^^^^^^^^^^^^^^^^^^^^^^^^^^^^^^^
    )
    ^
  File "/Users/mohammed/Documents/Bayan/backend/venv/lib/python3.13/site-packages/uvicorn/middleware/proxy_headers.py", line 60, in __call__
    return await self.app(scope, receive, send)
           ^^^^^^^^^^^^^^^^^^^^^^^^^^^^^^^^^^^^
  File "/Users/mohammed/Documents/Bayan/backend/venv/lib/python3.13/site-packages/fastapi/applications.py", line 1134, in __call__
    await super().__call__(scope, receive, send)
  File "/Users/mohammed/Documents/Bayan/backend/venv/lib/python3.13/site-packages/starlette/applications.py", line 113, in __call__
    await self.middleware_stack(scope, receive, send)
  File "/Users/mohammed/Documents/Bayan/backend/venv/lib/python3.13/site-packages/starlette/middleware/errors.py", line 186, in __call__
    raise exc
  File "/Users/mohammed/Documents/Bayan/backend/venv/lib/python3.13/site-packages/starlette/middleware/errors.py", line 164, in __call__
    await self.app(scope, receive, _send)
  File "/Users/mohammed/Documents/Bayan/backend/venv/lib/python3.13/site-packages/starlette/middleware/base.py", line 182, in __call__
    with recv_stream, send_stream, collapse_excgroups():
                                   ~~~~~~~~~~~~~~~~~~^^
  File "/opt/homebrew/Cellar/python@3.13/3.13.5/Frameworks/Python.framework/Versions/3.13/lib/python3.13/contextlib.py", line 162, in __exit__
    self.gen.throw(value)
    ~~~~~~~~~~~~~~^^^^^^^
  File "/Users/mohammed/Documents/Bayan/backend/venv/lib/python3.13/site-packages/starlette/_utils.py", line 85, in collapse_excgroups
    raise exc
  File "/Users/mohammed/Documents/Bayan/backend/venv/lib/python3.13/site-packages/starlette/middleware/base.py", line 184, in __call__
    response = await self.dispatch_func(request, call_next)
               ^^^^^^^^^^^^^^^^^^^^^^^^^^^^^^^^^^^^^^^^^^^^
  File "/Users/mohammed/Documents/Bayan/backend/app/main.py", line 80, in _issues_mw
    return await call_next(request)
           ^^^^^^^^^^^^^^^^^^^^^^^^
  File "/Users/mohammed/Documents/Bayan/backend/venv/lib/python3.13/site-packages/starlette/middleware/base.py", line 159, in call_next
    raise app_exc
  File "/Users/mohammed/Documents/Bayan/backend/venv/lib/python3.13/site-packages/starlette/middleware/base.py", line 144, in coro
    await self.app(scope, receive_or_disconnect, send_no_error)
  File "/Users/mohammed/Documents/Bayan/backend/venv/lib/python3.13/site-packages/starlette/middleware/base.py", line 182, in __call__
    with recv_stream, send_stream, collapse_excgroups():
                                   ~~~~~~~~~~~~~~~~~~^^
  File "/opt/homebrew/Cellar/python@3.13/3.13.5/Frameworks/Python.framework/Versions/3.13/lib/python3.13/contextlib.py", line 162, in __exit__
    self.gen.throw(value)
    ~~~~~~~~~~~~~~^^^^^^^
  File "/Users/mohammed/Documents/Bayan/backend/venv/lib/python3.13/site-packages/starlette/_utils.py", line 85, in collapse_excgroups
    raise exc
  File "/Users/mohammed/Documents/Bayan/backend/venv/lib/python3.13/site-packages/starlette/middleware/base.py", line 184, in __call__
    response = await self.dispatch_func(request, call_next)
               ^^^^^^^^^^^^^^^^^^^^^^^^^^^^^^^^^^^^^^^^^^^^
  File "/Users/mohammed/Documents/Bayan/backend/app/main.py", line 69, in _metrics_mw
    resp: Response = await call_next(request)
                     ^^^^^^^^^^^^^^^^^^^^^^^^
  File "/Users/mohammed/Documents/Bayan/backend/venv/lib/python3.13/site-packages/starlette/middleware/base.py", line 159, in call_next
    raise app_exc
  File "/Users/mohammed/Documents/Bayan/backend/venv/lib/python3.13/site-packages/starlette/middleware/base.py", line 144, in coro
    await self.app(scope, receive_or_disconnect, send_no_error)
  File "/Users/mohammed/Documents/Bayan/backend/venv/lib/python3.13/site-packages/uvicorn/middleware/proxy_headers.py", line 60, in __call__
    return await self.app(scope, receive, send)
           ^^^^^^^^^^^^^^^^^^^^^^^^^^^^^^^^^^^^
  File "/Users/mohammed/Documents/Bayan/backend/venv/lib/python3.13/site-packages/starlette/middleware/cors.py", line 93, in __call__
    await self.simple_response(scope, receive, send, request_headers=headers)
  File "/Users/mohammed/Documents/Bayan/backend/venv/lib/python3.13/site-packages/starlette/middleware/cors.py", line 144, in simple_response
    await self.app(scope, receive, send)
  File "/Users/mohammed/Documents/Bayan/backend/venv/lib/python3.13/site-packages/starlette/middleware/exceptions.py", line 63, in __call__
    await wrap_app_handling_exceptions(self.app, conn)(scope, receive, send)
  File "/Users/mohammed/Documents/Bayan/backend/venv/lib/python3.13/site-packages/starlette/_exception_handler.py", line 53, in wrapped_app
    raise exc
  File "/Users/mohammed/Documents/Bayan/backend/venv/lib/python3.13/site-packages/starlette/_exception_handler.py", line 42, in wrapped_app
    await app(scope, receive, sender)
  File "/Users/mohammed/Documents/Bayan/backend/venv/lib/python3.13/site-packages/fastapi/middleware/asyncexitstack.py", line 18, in __call__
    await self.app(scope, receive, send)
  File "/Users/mohammed/Documents/Bayan/backend/venv/lib/python3.13/site-packages/starlette/routing.py", line 716, in __call__
    await self.middleware_stack(scope, receive, send)
  File "/Users/mohammed/Documents/Bayan/backend/venv/lib/python3.13/site-packages/starlette/routing.py", line 736, in app
    await route.handle(scope, receive, send)
  File "/Users/mohammed/Documents/Bayan/backend/venv/lib/python3.13/site-packages/starlette/routing.py", line 290, in handle
    await self.app(scope, receive, send)
  File "/Users/mohammed/Documents/Bayan/backend/venv/lib/python3.13/site-packages/fastapi/routing.py", line 124, in app
    await wrap_app_handling_exceptions(app, request)(scope, receive, send)
  File "/Users/mohammed/Documents/Bayan/backend/venv/lib/python3.13/site-packages/starlette/_exception_handler.py", line 53, in wrapped_app
    raise exc
  File "/Users/mohammed/Documents/Bayan/backend/venv/lib/python3.13/site-packages/starlette/_exception_handler.py", line 42, in wrapped_app
    await app(scope, receive, sender)
  File "/Users/mohammed/Documents/Bayan/backend/venv/lib/python3.13/site-packages/fastapi/routing.py", line 110, in app
    response = await f(request)
               ^^^^^^^^^^^^^^^^
  File "/Users/mohammed/Documents/Bayan/backend/venv/lib/python3.13/site-packages/fastapi/routing.py", line 390, in app
    raw_response = await run_endpoint_function(
                   ^^^^^^^^^^^^^^^^^^^^^^^^^^^^
    ...<3 lines>...
    )
    ^
  File "/Users/mohammed/Documents/Bayan/backend/venv/lib/python3.13/site-packages/fastapi/routing.py", line 291, in run_endpoint_function
    return await run_in_threadpool(dependant.call, **values)
           ^^^^^^^^^^^^^^^^^^^^^^^^^^^^^^^^^^^^^^^^^^^^^^^^^
  File "/Users/mohammed/Documents/Bayan/backend/venv/lib/python3.13/site-packages/starlette/concurrency.py", line 38, in run_in_threadpool
    return await anyio.to_thread.run_sync(func)
           ^^^^^^^^^^^^^^^^^^^^^^^^^^^^^^^^^^^^
  File "/Users/mohammed/Documents/Bayan/backend/venv/lib/python3.13/site-packages/anyio/to_thread.py", line 56, in run_sync
    return await get_async_backend().run_sync_in_worker_thread(
           ^^^^^^^^^^^^^^^^^^^^^^^^^^^^^^^^^^^^^^^^^^^^^^^^^^^^
        func, args, abandon_on_cancel=abandon_on_cancel, limiter=limiter
        ^^^^^^^^^^^^^^^^^^^^^^^^^^^^^^^^^^^^^^^^^^^^^^^^^^^^^^^^^^^^^^^^
    )
    ^
  File "/Users/mohammed/Documents/Bayan/backend/venv/lib/python3.13/site-packages/anyio/_backends/_asyncio.py", line 2485, in run_sync_in_worker_thread
    return await future
           ^^^^^^^^^^^^
  File "/Users/mohammed/Documents/Bayan/backend/venv/lib/python3.13/site-packages/anyio/_backends/_asyncio.py", line 976, in run
    result = context.run(func, *args)
  File "/Users/mohammed/Documents/Bayan/backend/app/routers/query.py", line 4051, in distinct_values
    cur = conn.execute(sql_qm, vals)
_duckdb.BinderException: Binder Error: Referenced column "OrderDate (Year)" not found in FROM clause!
Candidate bindings: "OrderDate", "OrderID", "OrderUID", "OrderDetailsID", "RecordDateEntry"

LINE 1: ..._View_CIT_Invoice_Details_PriceList3" AS s) AS _base WHERE "OrderDate (Year)" IN ('2018', '2019') ORDER BY "ClientType...
                                                                      ^
[BACKEND] /query/spec agg extraction: spec.agg=None, agg=none, spec.y=None, spec.series=None
[BACKEND] /query/spec agg extraction: spec.agg=None, agg=none, spec.y=None, spec.series=None
[BACKEND] /query/spec agg extraction: spec.agg=None, agg=none, spec.y=None, spec.series=None
[BACKEND] /query/spec agg extraction: spec.agg=None, agg=none, spec.y=None, spec.series=None
[BACKEND] /query/spec agg extraction: spec.agg=None, agg=none, spec.y=None, spec.series=None
[SQLGlot] Config check: enable_sqlglot=True, sqlglot_users='*', user_id=None
[SQLGlot] ENABLED for all users (wildcard or empty)
[SQLGlot] ENABLED for /distinct endpoint, dialect=duckdb
[SQLGlot] Generated DISTINCT SQL (duckdb): SELECT DISTINCT "ClientType" FROM (SELECT s.* FROM "main"."03766424_cf71_46d4_a3bd_6a35ea5dc886__View_CIT_Invoice_Details_PriceList3" AS s) AS _base W...
[SQLGlot] Generated DISTINCT SQL: SELECT DISTINCT "ClientType" FROM (SELECT s.* FROM "main"."03766424_cf71_46d4_a3bd_6a35ea5dc886__View_CIT_Invoice_Details_PriceList3" AS s) AS _base W...
[SQLGlot] Config check: enable_sqlglot=True, sqlglot_users='*', user_id=None
[SQLGlot] ENABLED for all users (wildcard or empty)
[SQLGlot] ENABLED for /distinct endpoint, dialect=duckdb
[SQLGlot] Generated DISTINCT SQL (duckdb): SELECT DISTINCT "ClientType" FROM (SELECT s.* FROM "main"."03766424_cf71_46d4_a3bd_6a35ea5dc886__View_CIT_Invoice_Details_PriceList3" AS s) AS _base W...
[SQLGlot] Generated DISTINCT SQL: SELECT DISTINCT "ClientType" FROM (SELECT s.* FROM "main"."03766424_cf71_46d4_a3bd_6a35ea5dc886__View_CIT_Invoice_Details_PriceList3" AS s) AS _base W...
[2025-11-08 09:37:25 +0200] [23375] [ERROR] Exception in ASGI application
  + Exception Group Traceback (most recent call last):
  |   File "/Users/mohammed/Documents/Bayan/backend/venv/lib/python3.13/site-packages/starlette/_utils.py", line 79, in collapse_excgroups
  |     yield
  |   File "/Users/mohammed/Documents/Bayan/backend/venv/lib/python3.13/site-packages/starlette/middleware/base.py", line 183, in __call__
  |     async with anyio.create_task_group() as task_group:
  |                ~~~~~~~~~~~~~~~~~~~~~~~^^
  |   File "/Users/mohammed/Documents/Bayan/backend/venv/lib/python3.13/site-packages/anyio/_backends/_asyncio.py", line 781, in __aexit__
  |     raise BaseExceptionGroup(
  |         "unhandled errors in a TaskGroup", self._exceptions
  |     ) from None
  | ExceptionGroup: unhandled errors in a TaskGroup (1 sub-exception)
  +-+---------------- 1 ----------------
    | Traceback (most recent call last):
    |   File "/Users/mohammed/Documents/Bayan/backend/venv/lib/python3.13/site-packages/uvicorn/protocols/http/httptools_impl.py", line 409, in run_asgi
    |     result = await app(  # type: ignore[func-returns-value]
    |              ^^^^^^^^^^^^^^^^^^^^^^^^^^^^^^^^^^^^^^^^^^^^^^
    |         self.scope, self.receive, self.send
    |         ^^^^^^^^^^^^^^^^^^^^^^^^^^^^^^^^^^^
    |     )
    |     ^
    |   File "/Users/mohammed/Documents/Bayan/backend/venv/lib/python3.13/site-packages/uvicorn/middleware/proxy_headers.py", line 60, in __call__
    |     return await self.app(scope, receive, send)
    |            ^^^^^^^^^^^^^^^^^^^^^^^^^^^^^^^^^^^^
    |   File "/Users/mohammed/Documents/Bayan/backend/venv/lib/python3.13/site-packages/fastapi/applications.py", line 1134, in __call__
    |     await super().__call__(scope, receive, send)
    |   File "/Users/mohammed/Documents/Bayan/backend/venv/lib/python3.13/site-packages/starlette/applications.py", line 113, in __call__
    |     await self.middleware_stack(scope, receive, send)
    |   File "/Users/mohammed/Documents/Bayan/backend/venv/lib/python3.13/site-packages/starlette/middleware/errors.py", line 186, in __call__
    |     raise exc
    |   File "/Users/mohammed/Documents/Bayan/backend/venv/lib/python3.13/site-packages/starlette/middleware/errors.py", line 164, in __call__
    |     await self.app(scope, receive, _send)
    |   File "/Users/mohammed/Documents/Bayan/backend/venv/lib/python3.13/site-packages/starlette/middleware/base.py", line 182, in __call__
    |     with recv_stream, send_stream, collapse_excgroups():
    |                                    ~~~~~~~~~~~~~~~~~~^^
    |   File "/opt/homebrew/Cellar/python@3.13/3.13.5/Frameworks/Python.framework/Versions/3.13/lib/python3.13/contextlib.py", line 162, in __exit__
    |     self.gen.throw(value)
    |     ~~~~~~~~~~~~~~^^^^^^^
    |   File "/Users/mohammed/Documents/Bayan/backend/venv/lib/python3.13/site-packages/starlette/_utils.py", line 85, in collapse_excgroups
    |     raise exc
    |   File "/Users/mohammed/Documents/Bayan/backend/venv/lib/python3.13/site-packages/starlette/middleware/base.py", line 184, in __call__
    |     response = await self.dispatch_func(request, call_next)
    |                ^^^^^^^^^^^^^^^^^^^^^^^^^^^^^^^^^^^^^^^^^^^^
    |   File "/Users/mohammed/Documents/Bayan/backend/app/main.py", line 80, in _issues_mw
    |     return await call_next(request)
    |            ^^^^^^^^^^^^^^^^^^^^^^^^
    |   File "/Users/mohammed/Documents/Bayan/backend/venv/lib/python3.13/site-packages/starlette/middleware/base.py", line 159, in call_next
    |     raise app_exc
    |   File "/Users/mohammed/Documents/Bayan/backend/venv/lib/python3.13/site-packages/starlette/middleware/base.py", line 144, in coro
    |     await self.app(scope, receive_or_disconnect, send_no_error)
    |   File "/Users/mohammed/Documents/Bayan/backend/venv/lib/python3.13/site-packages/starlette/middleware/base.py", line 182, in __call__
    |     with recv_stream, send_stream, collapse_excgroups():
    |                                    ~~~~~~~~~~~~~~~~~~^^
    |   File "/opt/homebrew/Cellar/python@3.13/3.13.5/Frameworks/Python.framework/Versions/3.13/lib/python3.13/contextlib.py", line 162, in __exit__
    |     self.gen.throw(value)
    |     ~~~~~~~~~~~~~~^^^^^^^
    |   File "/Users/mohammed/Documents/Bayan/backend/venv/lib/python3.13/site-packages/starlette/_utils.py", line 85, in collapse_excgroups
    |     raise exc
    |   File "/Users/mohammed/Documents/Bayan/backend/venv/lib/python3.13/site-packages/starlette/middleware/base.py", line 184, in __call__
    |     response = await self.dispatch_func(request, call_next)
    |                ^^^^^^^^^^^^^^^^^^^^^^^^^^^^^^^^^^^^^^^^^^^^
    |   File "/Users/mohammed/Documents/Bayan/backend/app/main.py", line 69, in _metrics_mw
    |     resp: Response = await call_next(request)
    |                      ^^^^^^^^^^^^^^^^^^^^^^^^
    |   File "/Users/mohammed/Documents/Bayan/backend/venv/lib/python3.13/site-packages/starlette/middleware/base.py", line 159, in call_next
    |     raise app_exc
    |   File "/Users/mohammed/Documents/Bayan/backend/venv/lib/python3.13/site-packages/starlette/middleware/base.py", line 144, in coro
    |     await self.app(scope, receive_or_disconnect, send_no_error)
    |   File "/Users/mohammed/Documents/Bayan/backend/venv/lib/python3.13/site-packages/uvicorn/middleware/proxy_headers.py", line 60, in __call__
    |     return await self.app(scope, receive, send)
    |            ^^^^^^^^^^^^^^^^^^^^^^^^^^^^^^^^^^^^
    |   File "/Users/mohammed/Documents/Bayan/backend/venv/lib/python3.13/site-packages/starlette/middleware/cors.py", line 93, in __call__
    |     await self.simple_response(scope, receive, send, request_headers=headers)
    |   File "/Users/mohammed/Documents/Bayan/backend/venv/lib/python3.13/site-packages/starlette/middleware/cors.py", line 144, in simple_response
    |     await self.app(scope, receive, send)
    |   File "/Users/mohammed/Documents/Bayan/backend/venv/lib/python3.13/site-packages/starlette/middleware/exceptions.py", line 63, in __call__
    |     await wrap_app_handling_exceptions(self.app, conn)(scope, receive, send)
    |   File "/Users/mohammed/Documents/Bayan/backend/venv/lib/python3.13/site-packages/starlette/_exception_handler.py", line 53, in wrapped_app
    |     raise exc
    |   File "/Users/mohammed/Documents/Bayan/backend/venv/lib/python3.13/site-packages/starlette/_exception_handler.py", line 42, in wrapped_app
    |     await app(scope, receive, sender)
    |   File "/Users/mohammed/Documents/Bayan/backend/venv/lib/python3.13/site-packages/fastapi/middleware/asyncexitstack.py", line 18, in __call__
    |     await self.app(scope, receive, send)
    |   File "/Users/mohammed/Documents/Bayan/backend/venv/lib/python3.13/site-packages/starlette/routing.py", line 716, in __call__
    |     await self.middleware_stack(scope, receive, send)
    |   File "/Users/mohammed/Documents/Bayan/backend/venv/lib/python3.13/site-packages/starlette/routing.py", line 736, in app
    |     await route.handle(scope, receive, send)
    |   File "/Users/mohammed/Documents/Bayan/backend/venv/lib/python3.13/site-packages/starlette/routing.py", line 290, in handle
    |     await self.app(scope, receive, send)
    |   File "/Users/mohammed/Documents/Bayan/backend/venv/lib/python3.13/site-packages/fastapi/routing.py", line 124, in app
    |     await wrap_app_handling_exceptions(app, request)(scope, receive, send)
    |   File "/Users/mohammed/Documents/Bayan/backend/venv/lib/python3.13/site-packages/starlette/_exception_handler.py", line 53, in wrapped_app
    |     raise exc
    |   File "/Users/mohammed/Documents/Bayan/backend/venv/lib/python3.13/site-packages/starlette/_exception_handler.py", line 42, in wrapped_app
    |     await app(scope, receive, sender)
    |   File "/Users/mohammed/Documents/Bayan/backend/venv/lib/python3.13/site-packages/fastapi/routing.py", line 110, in app
    |     response = await f(request)
    |                ^^^^^^^^^^^^^^^^
    |   File "/Users/mohammed/Documents/Bayan/backend/venv/lib/python3.13/site-packages/fastapi/routing.py", line 390, in app
    |     raw_response = await run_endpoint_function(
    |                    ^^^^^^^^^^^^^^^^^^^^^^^^^^^^
    |     ...<3 lines>...
    |     )
    |     ^
    |   File "/Users/mohammed/Documents/Bayan/backend/venv/lib/python3.13/site-packages/fastapi/routing.py", line 291, in run_endpoint_function
    |     return await run_in_threadpool(dependant.call, **values)
    |            ^^^^^^^^^^^^^^^^^^^^^^^^^^^^^^^^^^^^^^^^^^^^^^^^^
    |   File "/Users/mohammed/Documents/Bayan/backend/venv/lib/python3.13/site-packages/starlette/concurrency.py", line 38, in run_in_threadpool
    |     return await anyio.to_thread.run_sync(func)
    |            ^^^^^^^^^^^^^^^^^^^^^^^^^^^^^^^^^^^^
    |   File "/Users/mohammed/Documents/Bayan/backend/venv/lib/python3.13/site-packages/anyio/to_thread.py", line 56, in run_sync
    |     return await get_async_backend().run_sync_in_worker_thread(
    |            ^^^^^^^^^^^^^^^^^^^^^^^^^^^^^^^^^^^^^^^^^^^^^^^^^^^^
    |         func, args, abandon_on_cancel=abandon_on_cancel, limiter=limiter
    |         ^^^^^^^^^^^^^^^^^^^^^^^^^^^^^^^^^^^^^^^^^^^^^^^^^^^^^^^^^^^^^^^^
    |     )
    |     ^
    |   File "/Users/mohammed/Documents/Bayan/backend/venv/lib/python3.13/site-packages/anyio/_backends/_asyncio.py", line 2485, in run_sync_in_worker_thread
    |     return await future
    |            ^^^^^^^^^^^^
    |   File "/Users/mohammed/Documents/Bayan/backend/venv/lib/python3.13/site-packages/anyio/_backends/_asyncio.py", line 976, in run
    |     result = context.run(func, *args)
    |   File "/Users/mohammed/Documents/Bayan/backend/app/routers/query.py", line 4051, in distinct_values
    |     cur = conn.execute(sql_qm, vals)
    | _duckdb.BinderException: Binder Error: Referenced column "OrderDate (Year)" not found in FROM clause!
    | Candidate bindings: "OrderDate", "OrderID", "OrderUID", "OrderDetailsID", "RecordDateEntry"
    | 
    | LINE 1: ..._View_CIT_Invoice_Details_PriceList3" AS s) AS _base WHERE "OrderDate (Year)" IN ('2018', '2019') ORDER BY "ClientType...
    |                                                                       ^
    +------------------------------------

During handling of the above exception, another exception occurred:

Traceback (most recent call last):
  File "/Users/mohammed/Documents/Bayan/backend/venv/lib/python3.13/site-packages/uvicorn/protocols/http/httptools_impl.py", line 409, in run_asgi
    result = await app(  # type: ignore[func-returns-value]
             ^^^^^^^^^^^^^^^^^^^^^^^^^^^^^^^^^^^^^^^^^^^^^^
        self.scope, self.receive, self.send
        ^^^^^^^^^^^^^^^^^^^^^^^^^^^^^^^^^^^
    )
    ^
  File "/Users/mohammed/Documents/Bayan/backend/venv/lib/python3.13/site-packages/uvicorn/middleware/proxy_headers.py", line 60, in __call__
    return await self.app(scope, receive, send)
           ^^^^^^^^^^^^^^^^^^^^^^^^^^^^^^^^^^^^
  File "/Users/mohammed/Documents/Bayan/backend/venv/lib/python3.13/site-packages/fastapi/applications.py", line 1134, in __call__
    await super().__call__(scope, receive, send)
  File "/Users/mohammed/Documents/Bayan/backend/venv/lib/python3.13/site-packages/starlette/applications.py", line 113, in __call__
    await self.middleware_stack(scope, receive, send)
  File "/Users/mohammed/Documents/Bayan/backend/venv/lib/python3.13/site-packages/starlette/middleware/errors.py", line 186, in __call__
    raise exc
  File "/Users/mohammed/Documents/Bayan/backend/venv/lib/python3.13/site-packages/starlette/middleware/errors.py", line 164, in __call__
    await self.app(scope, receive, _send)
  File "/Users/mohammed/Documents/Bayan/backend/venv/lib/python3.13/site-packages/starlette/middleware/base.py", line 182, in __call__
    with recv_stream, send_stream, collapse_excgroups():
                                   ~~~~~~~~~~~~~~~~~~^^
  File "/opt/homebrew/Cellar/python@3.13/3.13.5/Frameworks/Python.framework/Versions/3.13/lib/python3.13/contextlib.py", line 162, in __exit__
    self.gen.throw(value)
    ~~~~~~~~~~~~~~^^^^^^^
  File "/Users/mohammed/Documents/Bayan/backend/venv/lib/python3.13/site-packages/starlette/_utils.py", line 85, in collapse_excgroups
    raise exc
  File "/Users/mohammed/Documents/Bayan/backend/venv/lib/python3.13/site-packages/starlette/middleware/base.py", line 184, in __call__
    response = await self.dispatch_func(request, call_next)
               ^^^^^^^^^^^^^^^^^^^^^^^^^^^^^^^^^^^^^^^^^^^^
  File "/Users/mohammed/Documents/Bayan/backend/app/main.py", line 80, in _issues_mw
    return await call_next(request)
           ^^^^^^^^^^^^^^^^^^^^^^^^
  File "/Users/mohammed/Documents/Bayan/backend/venv/lib/python3.13/site-packages/starlette/middleware/base.py", line 159, in call_next
    raise app_exc
  File "/Users/mohammed/Documents/Bayan/backend/venv/lib/python3.13/site-packages/starlette/middleware/base.py", line 144, in coro
    await self.app(scope, receive_or_disconnect, send_no_error)
  File "/Users/mohammed/Documents/Bayan/backend/venv/lib/python3.13/site-packages/starlette/middleware/base.py", line 182, in __call__
    with recv_stream, send_stream, collapse_excgroups():
                                   ~~~~~~~~~~~~~~~~~~^^
  File "/opt/homebrew/Cellar/python@3.13/3.13.5/Frameworks/Python.framework/Versions/3.13/lib/python3.13/contextlib.py", line 162, in __exit__
    self.gen.throw(value)
    ~~~~~~~~~~~~~~^^^^^^^
  File "/Users/mohammed/Documents/Bayan/backend/venv/lib/python3.13/site-packages/starlette/_utils.py", line 85, in collapse_excgroups
    raise exc
  File "/Users/mohammed/Documents/Bayan/backend/venv/lib/python3.13/site-packages/starlette/middleware/base.py", line 184, in __call__
    response = await self.dispatch_func(request, call_next)
               ^^^^^^^^^^^^^^^^^^^^^^^^^^^^^^^^^^^^^^^^^^^^
  File "/Users/mohammed/Documents/Bayan/backend/app/main.py", line 69, in _metrics_mw
    resp: Response = await call_next(request)
                     ^^^^^^^^^^^^^^^^^^^^^^^^
  File "/Users/mohammed/Documents/Bayan/backend/venv/lib/python3.13/site-packages/starlette/middleware/base.py", line 159, in call_next
    raise app_exc
  File "/Users/mohammed/Documents/Bayan/backend/venv/lib/python3.13/site-packages/starlette/middleware/base.py", line 144, in coro
    await self.app(scope, receive_or_disconnect, send_no_error)
  File "/Users/mohammed/Documents/Bayan/backend/venv/lib/python3.13/site-packages/uvicorn/middleware/proxy_headers.py", line 60, in __call__
    return await self.app(scope, receive, send)
           ^^^^^^^^^^^^^^^^^^^^^^^^^^^^^^^^^^^^
  File "/Users/mohammed/Documents/Bayan/backend/venv/lib/python3.13/site-packages/starlette/middleware/cors.py", line 93, in __call__
    await self.simple_response(scope, receive, send, request_headers=headers)
  File "/Users/mohammed/Documents/Bayan/backend/venv/lib/python3.13/site-packages/starlette/middleware/cors.py", line 144, in simple_response
    await self.app(scope, receive, send)
  File "/Users/mohammed/Documents/Bayan/backend/venv/lib/python3.13/site-packages/starlette/middleware/exceptions.py", line 63, in __call__
    await wrap_app_handling_exceptions(self.app, conn)(scope, receive, send)
  File "/Users/mohammed/Documents/Bayan/backend/venv/lib/python3.13/site-packages/starlette/_exception_handler.py", line 53, in wrapped_app
    raise exc
  File "/Users/mohammed/Documents/Bayan/backend/venv/lib/python3.13/site-packages/starlette/_exception_handler.py", line 42, in wrapped_app
    await app(scope, receive, sender)
  File "/Users/mohammed/Documents/Bayan/backend/venv/lib/python3.13/site-packages/fastapi/middleware/asyncexitstack.py", line 18, in __call__
    await self.app(scope, receive, send)
  File "/Users/mohammed/Documents/Bayan/backend/venv/lib/python3.13/site-packages/starlette/routing.py", line 716, in __call__
    await self.middleware_stack(scope, receive, send)
  File "/Users/mohammed/Documents/Bayan/backend/venv/lib/python3.13/site-packages/starlette/routing.py", line 736, in app
    await route.handle(scope, receive, send)
  File "/Users/mohammed/Documents/Bayan/backend/venv/lib/python3.13/site-packages/starlette/routing.py", line 290, in handle
    await self.app(scope, receive, send)
  File "/Users/mohammed/Documents/Bayan/backend/venv/lib/python3.13/site-packages/fastapi/routing.py", line 124, in app
    await wrap_app_handling_exceptions(app, request)(scope, receive, send)
  File "/Users/mohammed/Documents/Bayan/backend/venv/lib/python3.13/site-packages/starlette/_exception_handler.py", line 53, in wrapped_app
    raise exc
  File "/Users/mohammed/Documents/Bayan/backend/venv/lib/python3.13/site-packages/starlette/_exception_handler.py", line 42, in wrapped_app
    await app(scope, receive, sender)
  File "/Users/mohammed/Documents/Bayan/backend/venv/lib/python3.13/site-packages/fastapi/routing.py", line 110, in app
    response = await f(request)
               ^^^^^^^^^^^^^^^^
  File "/Users/mohammed/Documents/Bayan/backend/venv/lib/python3.13/site-packages/fastapi/routing.py", line 390, in app
    raw_response = await run_endpoint_function(
                   ^^^^^^^^^^^^^^^^^^^^^^^^^^^^
    ...<3 lines>...
    )
    ^
  File "/Users/mohammed/Documents/Bayan/backend/venv/lib/python3.13/site-packages/fastapi/routing.py", line 291, in run_endpoint_function
    return await run_in_threadpool(dependant.call, **values)
           ^^^^^^^^^^^^^^^^^^^^^^^^^^^^^^^^^^^^^^^^^^^^^^^^^
  File "/Users/mohammed/Documents/Bayan/backend/venv/lib/python3.13/site-packages/starlette/concurrency.py", line 38, in run_in_threadpool
    return await anyio.to_thread.run_sync(func)
           ^^^^^^^^^^^^^^^^^^^^^^^^^^^^^^^^^^^^
  File "/Users/mohammed/Documents/Bayan/backend/venv/lib/python3.13/site-packages/anyio/to_thread.py", line 56, in run_sync
    return await get_async_backend().run_sync_in_worker_thread(
           ^^^^^^^^^^^^^^^^^^^^^^^^^^^^^^^^^^^^^^^^^^^^^^^^^^^^
        func, args, abandon_on_cancel=abandon_on_cancel, limiter=limiter
        ^^^^^^^^^^^^^^^^^^^^^^^^^^^^^^^^^^^^^^^^^^^^^^^^^^^^^^^^^^^^^^^^
    )
    ^
  File "/Users/mohammed/Documents/Bayan/backend/venv/lib/python3.13/site-packages/anyio/_backends/_asyncio.py", line 2485, in run_sync_in_worker_thread
    return await future
           ^^^^^^^^^^^^
  File "/Users/mohammed/Documents/Bayan/backend/venv/lib/python3.13/site-packages/anyio/_backends/_asyncio.py", line 976, in run
    result = context.run(func, *args)
  File "/Users/mohammed/Documents/Bayan/backend/app/routers/query.py", line 4051, in distinct_values
    cur = conn.execute(sql_qm, vals)
_duckdb.BinderException: Binder Error: Referenced column "OrderDate (Year)" not found in FROM clause!
Candidate bindings: "OrderDate", "OrderID", "OrderUID", "OrderDetailsID", "RecordDateEntry"

LINE 1: ..._View_CIT_Invoice_Details_PriceList3" AS s) AS _base WHERE "OrderDate (Year)" IN ('2018', '2019') ORDER BY "ClientType...
                                                                      ^
[2025-11-08 09:37:25 +0200] [23375] [ERROR] Exception in ASGI application
  + Exception Group Traceback (most recent call last):
  |   File "/Users/mohammed/Documents/Bayan/backend/venv/lib/python3.13/site-packages/starlette/_utils.py", line 79, in collapse_excgroups
  |     yield
  |   File "/Users/mohammed/Documents/Bayan/backend/venv/lib/python3.13/site-packages/starlette/middleware/base.py", line 183, in __call__
  |     async with anyio.create_task_group() as task_group:
  |                ~~~~~~~~~~~~~~~~~~~~~~~^^
  |   File "/Users/mohammed/Documents/Bayan/backend/venv/lib/python3.13/site-packages/anyio/_backends/_asyncio.py", line 781, in __aexit__
  |     raise BaseExceptionGroup(
  |         "unhandled errors in a TaskGroup", self._exceptions
  |     ) from None
  | ExceptionGroup: unhandled errors in a TaskGroup (1 sub-exception)
  +-+---------------- 1 ----------------
    | Traceback (most recent call last):
    |   File "/Users/mohammed/Documents/Bayan/backend/venv/lib/python3.13/site-packages/uvicorn/protocols/http/httptools_impl.py", line 409, in run_asgi
    |     result = await app(  # type: ignore[func-returns-value]
    |              ^^^^^^^^^^^^^^^^^^^^^^^^^^^^^^^^^^^^^^^^^^^^^^
    |         self.scope, self.receive, self.send
    |         ^^^^^^^^^^^^^^^^^^^^^^^^^^^^^^^^^^^
    |     )
    |     ^
    |   File "/Users/mohammed/Documents/Bayan/backend/venv/lib/python3.13/site-packages/uvicorn/middleware/proxy_headers.py", line 60, in __call__
    |     return await self.app(scope, receive, send)
    |            ^^^^^^^^^^^^^^^^^^^^^^^^^^^^^^^^^^^^
    |   File "/Users/mohammed/Documents/Bayan/backend/venv/lib/python3.13/site-packages/fastapi/applications.py", line 1134, in __call__
    |     await super().__call__(scope, receive, send)
    |   File "/Users/mohammed/Documents/Bayan/backend/venv/lib/python3.13/site-packages/starlette/applications.py", line 113, in __call__
    |     await self.middleware_stack(scope, receive, send)
    |   File "/Users/mohammed/Documents/Bayan/backend/venv/lib/python3.13/site-packages/starlette/middleware/errors.py", line 186, in __call__
    |     raise exc
    |   File "/Users/mohammed/Documents/Bayan/backend/venv/lib/python3.13/site-packages/starlette/middleware/errors.py", line 164, in __call__
    |     await self.app(scope, receive, _send)
    |   File "/Users/mohammed/Documents/Bayan/backend/venv/lib/python3.13/site-packages/starlette/middleware/base.py", line 182, in __call__
    |     with recv_stream, send_stream, collapse_excgroups():
    |                                    ~~~~~~~~~~~~~~~~~~^^
    |   File "/opt/homebrew/Cellar/python@3.13/3.13.5/Frameworks/Python.framework/Versions/3.13/lib/python3.13/contextlib.py", line 162, in __exit__
    |     self.gen.throw(value)
    |     ~~~~~~~~~~~~~~^^^^^^^
    |   File "/Users/mohammed/Documents/Bayan/backend/venv/lib/python3.13/site-packages/starlette/_utils.py", line 85, in collapse_excgroups
    |     raise exc
    |   File "/Users/mohammed/Documents/Bayan/backend/venv/lib/python3.13/site-packages/starlette/middleware/base.py", line 184, in __call__
    |     response = await self.dispatch_func(request, call_next)
    |                ^^^^^^^^^^^^^^^^^^^^^^^^^^^^^^^^^^^^^^^^^^^^
    |   File "/Users/mohammed/Documents/Bayan/backend/app/main.py", line 80, in _issues_mw
    |     return await call_next(request)
    |            ^^^^^^^^^^^^^^^^^^^^^^^^
    |   File "/Users/mohammed/Documents/Bayan/backend/venv/lib/python3.13/site-packages/starlette/middleware/base.py", line 159, in call_next
    |     raise app_exc
    |   File "/Users/mohammed/Documents/Bayan/backend/venv/lib/python3.13/site-packages/starlette/middleware/base.py", line 144, in coro
    |     await self.app(scope, receive_or_disconnect, send_no_error)
    |   File "/Users/mohammed/Documents/Bayan/backend/venv/lib/python3.13/site-packages/starlette/middleware/base.py", line 182, in __call__
    |     with recv_stream, send_stream, collapse_excgroups():
    |                                    ~~~~~~~~~~~~~~~~~~^^
    |   File "/opt/homebrew/Cellar/python@3.13/3.13.5/Frameworks/Python.framework/Versions/3.13/lib/python3.13/contextlib.py", line 162, in __exit__
    |     self.gen.throw(value)
    |     ~~~~~~~~~~~~~~^^^^^^^
    |   File "/Users/mohammed/Documents/Bayan/backend/venv/lib/python3.13/site-packages/starlette/_utils.py", line 85, in collapse_excgroups
    |     raise exc
    |   File "/Users/mohammed/Documents/Bayan/backend/venv/lib/python3.13/site-packages/starlette/middleware/base.py", line 184, in __call__
    |     response = await self.dispatch_func(request, call_next)
    |                ^^^^^^^^^^^^^^^^^^^^^^^^^^^^^^^^^^^^^^^^^^^^
    |   File "/Users/mohammed/Documents/Bayan/backend/app/main.py", line 69, in _metrics_mw
    |     resp: Response = await call_next(request)
    |                      ^^^^^^^^^^^^^^^^^^^^^^^^
    |   File "/Users/mohammed/Documents/Bayan/backend/venv/lib/python3.13/site-packages/starlette/middleware/base.py", line 159, in call_next
    |     raise app_exc
    |   File "/Users/mohammed/Documents/Bayan/backend/venv/lib/python3.13/site-packages/starlette/middleware/base.py", line 144, in coro
    |     await self.app(scope, receive_or_disconnect, send_no_error)
    |   File "/Users/mohammed/Documents/Bayan/backend/venv/lib/python3.13/site-packages/uvicorn/middleware/proxy_headers.py", line 60, in __call__
    |     return await self.app(scope, receive, send)
    |            ^^^^^^^^^^^^^^^^^^^^^^^^^^^^^^^^^^^^
    |   File "/Users/mohammed/Documents/Bayan/backend/venv/lib/python3.13/site-packages/starlette/middleware/cors.py", line 93, in __call__
    |     await self.simple_response(scope, receive, send, request_headers=headers)
    |   File "/Users/mohammed/Documents/Bayan/backend/venv/lib/python3.13/site-packages/starlette/middleware/cors.py", line 144, in simple_response
    |     await self.app(scope, receive, send)
    |   File "/Users/mohammed/Documents/Bayan/backend/venv/lib/python3.13/site-packages/starlette/middleware/exceptions.py", line 63, in __call__
    |     await wrap_app_handling_exceptions(self.app, conn)(scope, receive, send)
    |   File "/Users/mohammed/Documents/Bayan/backend/venv/lib/python3.13/site-packages/starlette/_exception_handler.py", line 53, in wrapped_app
    |     raise exc
    |   File "/Users/mohammed/Documents/Bayan/backend/venv/lib/python3.13/site-packages/starlette/_exception_handler.py", line 42, in wrapped_app
    |     await app(scope, receive, sender)
    |   File "/Users/mohammed/Documents/Bayan/backend/venv/lib/python3.13/site-packages/fastapi/middleware/asyncexitstack.py", line 18, in __call__
    |     await self.app(scope, receive, send)
    |   File "/Users/mohammed/Documents/Bayan/backend/venv/lib/python3.13/site-packages/starlette/routing.py", line 716, in __call__
    |     await self.middleware_stack(scope, receive, send)
    |   File "/Users/mohammed/Documents/Bayan/backend/venv/lib/python3.13/site-packages/starlette/routing.py", line 736, in app
    |     await route.handle(scope, receive, send)
    |   File "/Users/mohammed/Documents/Bayan/backend/venv/lib/python3.13/site-packages/starlette/routing.py", line 290, in handle
    |     await self.app(scope, receive, send)
    |   File "/Users/mohammed/Documents/Bayan/backend/venv/lib/python3.13/site-packages/fastapi/routing.py", line 124, in app
    |     await wrap_app_handling_exceptions(app, request)(scope, receive, send)
    |   File "/Users/mohammed/Documents/Bayan/backend/venv/lib/python3.13/site-packages/starlette/_exception_handler.py", line 53, in wrapped_app
    |     raise exc
    |   File "/Users/mohammed/Documents/Bayan/backend/venv/lib/python3.13/site-packages/starlette/_exception_handler.py", line 42, in wrapped_app
    |     await app(scope, receive, sender)
    |   File "/Users/mohammed/Documents/Bayan/backend/venv/lib/python3.13/site-packages/fastapi/routing.py", line 110, in app
    |     response = await f(request)
    |                ^^^^^^^^^^^^^^^^
    |   File "/Users/mohammed/Documents/Bayan/backend/venv/lib/python3.13/site-packages/fastapi/routing.py", line 390, in app
    |     raw_response = await run_endpoint_function(
    |                    ^^^^^^^^^^^^^^^^^^^^^^^^^^^^
    |     ...<3 lines>...
    |     )
    |     ^
    |   File "/Users/mohammed/Documents/Bayan/backend/venv/lib/python3.13/site-packages/fastapi/routing.py", line 291, in run_endpoint_function
    |     return await run_in_threadpool(dependant.call, **values)
    |            ^^^^^^^^^^^^^^^^^^^^^^^^^^^^^^^^^^^^^^^^^^^^^^^^^
    |   File "/Users/mohammed/Documents/Bayan/backend/venv/lib/python3.13/site-packages/starlette/concurrency.py", line 38, in run_in_threadpool
    |     return await anyio.to_thread.run_sync(func)
    |            ^^^^^^^^^^^^^^^^^^^^^^^^^^^^^^^^^^^^
    |   File "/Users/mohammed/Documents/Bayan/backend/venv/lib/python3.13/site-packages/anyio/to_thread.py", line 56, in run_sync
    |     return await get_async_backend().run_sync_in_worker_thread(
    |            ^^^^^^^^^^^^^^^^^^^^^^^^^^^^^^^^^^^^^^^^^^^^^^^^^^^^
    |         func, args, abandon_on_cancel=abandon_on_cancel, limiter=limiter
    |         ^^^^^^^^^^^^^^^^^^^^^^^^^^^^^^^^^^^^^^^^^^^^^^^^^^^^^^^^^^^^^^^^
    |     )
    |     ^
    |   File "/Users/mohammed/Documents/Bayan/backend/venv/lib/python3.13/site-packages/anyio/_backends/_asyncio.py", line 2485, in run_sync_in_worker_thread
    |     return await future
    |            ^^^^^^^^^^^^
    |   File "/Users/mohammed/Documents/Bayan/backend/venv/lib/python3.13/site-packages/anyio/_backends/_asyncio.py", line 976, in run
    |     result = context.run(func, *args)
    |   File "/Users/mohammed/Documents/Bayan/backend/app/routers/query.py", line 4051, in distinct_values
    |     cur = conn.execute(sql_qm, vals)
    | _duckdb.BinderException: Binder Error: Referenced column "OrderDate (Year)" not found in FROM clause!
    | Candidate bindings: "OrderDate", "OrderID", "OrderUID", "OrderDetailsID", "RecordDateEntry"
    | 
    | LINE 1: ..._View_CIT_Invoice_Details_PriceList3" AS s) AS _base WHERE "OrderDate (Year)" IN ('2018', '2019') ORDER BY "ClientType...
    |                                                                       ^
    +------------------------------------

During handling of the above exception, another exception occurred:

Traceback (most recent call last):
  File "/Users/mohammed/Documents/Bayan/backend/venv/lib/python3.13/site-packages/uvicorn/protocols/http/httptools_impl.py", line 409, in run_asgi
    result = await app(  # type: ignore[func-returns-value]
             ^^^^^^^^^^^^^^^^^^^^^^^^^^^^^^^^^^^^^^^^^^^^^^
        self.scope, self.receive, self.send
        ^^^^^^^^^^^^^^^^^^^^^^^^^^^^^^^^^^^
    )
    ^
  File "/Users/mohammed/Documents/Bayan/backend/venv/lib/python3.13/site-packages/uvicorn/middleware/proxy_headers.py", line 60, in __call__
    return await self.app(scope, receive, send)
           ^^^^^^^^^^^^^^^^^^^^^^^^^^^^^^^^^^^^
  File "/Users/mohammed/Documents/Bayan/backend/venv/lib/python3.13/site-packages/fastapi/applications.py", line 1134, in __call__
    await super().__call__(scope, receive, send)
  File "/Users/mohammed/Documents/Bayan/backend/venv/lib/python3.13/site-packages/starlette/applications.py", line 113, in __call__
    await self.middleware_stack(scope, receive, send)
  File "/Users/mohammed/Documents/Bayan/backend/venv/lib/python3.13/site-packages/starlette/middleware/errors.py", line 186, in __call__
    raise exc
  File "/Users/mohammed/Documents/Bayan/backend/venv/lib/python3.13/site-packages/starlette/middleware/errors.py", line 164, in __call__
    await self.app(scope, receive, _send)
  File "/Users/mohammed/Documents/Bayan/backend/venv/lib/python3.13/site-packages/starlette/middleware/base.py", line 182, in __call__
    with recv_stream, send_stream, collapse_excgroups():
                                   ~~~~~~~~~~~~~~~~~~^^
  File "/opt/homebrew/Cellar/python@3.13/3.13.5/Frameworks/Python.framework/Versions/3.13/lib/python3.13/contextlib.py", line 162, in __exit__
    self.gen.throw(value)
    ~~~~~~~~~~~~~~^^^^^^^
  File "/Users/mohammed/Documents/Bayan/backend/venv/lib/python3.13/site-packages/starlette/_utils.py", line 85, in collapse_excgroups
    raise exc
  File "/Users/mohammed/Documents/Bayan/backend/venv/lib/python3.13/site-packages/starlette/middleware/base.py", line 184, in __call__
    response = await self.dispatch_func(request, call_next)
               ^^^^^^^^^^^^^^^^^^^^^^^^^^^^^^^^^^^^^^^^^^^^
  File "/Users/mohammed/Documents/Bayan/backend/app/main.py", line 80, in _issues_mw
    return await call_next(request)
           ^^^^^^^^^^^^^^^^^^^^^^^^
  File "/Users/mohammed/Documents/Bayan/backend/venv/lib/python3.13/site-packages/starlette/middleware/base.py", line 159, in call_next
    raise app_exc
  File "/Users/mohammed/Documents/Bayan/backend/venv/lib/python3.13/site-packages/starlette/middleware/base.py", line 144, in coro
    await self.app(scope, receive_or_disconnect, send_no_error)
  File "/Users/mohammed/Documents/Bayan/backend/venv/lib/python3.13/site-packages/starlette/middleware/base.py", line 182, in __call__
    with recv_stream, send_stream, collapse_excgroups():
                                   ~~~~~~~~~~~~~~~~~~^^
  File "/opt/homebrew/Cellar/python@3.13/3.13.5/Frameworks/Python.framework/Versions/3.13/lib/python3.13/contextlib.py", line 162, in __exit__
    self.gen.throw(value)
    ~~~~~~~~~~~~~~^^^^^^^
  File "/Users/mohammed/Documents/Bayan/backend/venv/lib/python3.13/site-packages/starlette/_utils.py", line 85, in collapse_excgroups
    raise exc
  File "/Users/mohammed/Documents/Bayan/backend/venv/lib/python3.13/site-packages/starlette/middleware/base.py", line 184, in __call__
    response = await self.dispatch_func(request, call_next)
               ^^^^^^^^^^^^^^^^^^^^^^^^^^^^^^^^^^^^^^^^^^^^
  File "/Users/mohammed/Documents/Bayan/backend/app/main.py", line 69, in _metrics_mw
    resp: Response = await call_next(request)
                     ^^^^^^^^^^^^^^^^^^^^^^^^
  File "/Users/mohammed/Documents/Bayan/backend/venv/lib/python3.13/site-packages/starlette/middleware/base.py", line 159, in call_next
    raise app_exc
  File "/Users/mohammed/Documents/Bayan/backend/venv/lib/python3.13/site-packages/starlette/middleware/base.py", line 144, in coro
    await self.app(scope, receive_or_disconnect, send_no_error)
  File "/Users/mohammed/Documents/Bayan/backend/venv/lib/python3.13/site-packages/uvicorn/middleware/proxy_headers.py", line 60, in __call__
    return await self.app(scope, receive, send)
           ^^^^^^^^^^^^^^^^^^^^^^^^^^^^^^^^^^^^
  File "/Users/mohammed/Documents/Bayan/backend/venv/lib/python3.13/site-packages/starlette/middleware/cors.py", line 93, in __call__
    await self.simple_response(scope, receive, send, request_headers=headers)
  File "/Users/mohammed/Documents/Bayan/backend/venv/lib/python3.13/site-packages/starlette/middleware/cors.py", line 144, in simple_response
    await self.app(scope, receive, send)
  File "/Users/mohammed/Documents/Bayan/backend/venv/lib/python3.13/site-packages/starlette/middleware/exceptions.py", line 63, in __call__
    await wrap_app_handling_exceptions(self.app, conn)(scope, receive, send)
  File "/Users/mohammed/Documents/Bayan/backend/venv/lib/python3.13/site-packages/starlette/_exception_handler.py", line 53, in wrapped_app
    raise exc
  File "/Users/mohammed/Documents/Bayan/backend/venv/lib/python3.13/site-packages/starlette/_exception_handler.py", line 42, in wrapped_app
    await app(scope, receive, sender)
  File "/Users/mohammed/Documents/Bayan/backend/venv/lib/python3.13/site-packages/fastapi/middleware/asyncexitstack.py", line 18, in __call__
    await self.app(scope, receive, send)
  File "/Users/mohammed/Documents/Bayan/backend/venv/lib/python3.13/site-packages/starlette/routing.py", line 716, in __call__
    await self.middleware_stack(scope, receive, send)
  File "/Users/mohammed/Documents/Bayan/backend/venv/lib/python3.13/site-packages/starlette/routing.py", line 736, in app
    await route.handle(scope, receive, send)
  File "/Users/mohammed/Documents/Bayan/backend/venv/lib/python3.13/site-packages/starlette/routing.py", line 290, in handle
    await self.app(scope, receive, send)
  File "/Users/mohammed/Documents/Bayan/backend/venv/lib/python3.13/site-packages/fastapi/routing.py", line 124, in app
    await wrap_app_handling_exceptions(app, request)(scope, receive, send)
  File "/Users/mohammed/Documents/Bayan/backend/venv/lib/python3.13/site-packages/starlette/_exception_handler.py", line 53, in wrapped_app
    raise exc
  File "/Users/mohammed/Documents/Bayan/backend/venv/lib/python3.13/site-packages/starlette/_exception_handler.py", line 42, in wrapped_app
    await app(scope, receive, sender)
  File "/Users/mohammed/Documents/Bayan/backend/venv/lib/python3.13/site-packages/fastapi/routing.py", line 110, in app
    response = await f(request)
               ^^^^^^^^^^^^^^^^
  File "/Users/mohammed/Documents/Bayan/backend/venv/lib/python3.13/site-packages/fastapi/routing.py", line 390, in app
    raw_response = await run_endpoint_function(
                   ^^^^^^^^^^^^^^^^^^^^^^^^^^^^
    ...<3 lines>...
    )
    ^
  File "/Users/mohammed/Documents/Bayan/backend/venv/lib/python3.13/site-packages/fastapi/routing.py", line 291, in run_endpoint_function
    return await run_in_threadpool(dependant.call, **values)
           ^^^^^^^^^^^^^^^^^^^^^^^^^^^^^^^^^^^^^^^^^^^^^^^^^
  File "/Users/mohammed/Documents/Bayan/backend/venv/lib/python3.13/site-packages/starlette/concurrency.py", line 38, in run_in_threadpool
    return await anyio.to_thread.run_sync(func)
           ^^^^^^^^^^^^^^^^^^^^^^^^^^^^^^^^^^^^
  File "/Users/mohammed/Documents/Bayan/backend/venv/lib/python3.13/site-packages/anyio/to_thread.py", line 56, in run_sync
    return await get_async_backend().run_sync_in_worker_thread(
           ^^^^^^^^^^^^^^^^^^^^^^^^^^^^^^^^^^^^^^^^^^^^^^^^^^^^
        func, args, abandon_on_cancel=abandon_on_cancel, limiter=limiter
        ^^^^^^^^^^^^^^^^^^^^^^^^^^^^^^^^^^^^^^^^^^^^^^^^^^^^^^^^^^^^^^^^
    )
    ^
  File "/Users/mohammed/Documents/Bayan/backend/venv/lib/python3.13/site-packages/anyio/_backends/_asyncio.py", line 2485, in run_sync_in_worker_thread
    return await future
           ^^^^^^^^^^^^
  File "/Users/mohammed/Documents/Bayan/backend/venv/lib/python3.13/site-packages/anyio/_backends/_asyncio.py", line 976, in run
    result = context.run(func, *args)
  File "/Users/mohammed/Documents/Bayan/backend/app/routers/query.py", line 4051, in distinct_values
    cur = conn.execute(sql_qm, vals)
_duckdb.BinderException: Binder Error: Referenced column "OrderDate (Year)" not found in FROM clause!
Candidate bindings: "OrderDate", "OrderID", "OrderUID", "OrderDetailsID", "RecordDateEntry"

LINE 1: ..._View_CIT_Invoice_Details_PriceList3" AS s) AS _base WHERE "OrderDate (Year)" IN ('2018', '2019') ORDER BY "ClientType...
                                                                      ^
[BACKEND] /query/spec agg extraction: spec.agg=None, agg=none, spec.y=None, spec.series=None
[BACKEND] /query/spec agg extraction: spec.agg=None, agg=none, spec.y=None, spec.series=None
[BACKEND] /query/spec agg extraction: spec.agg=None, agg=none, spec.y=None, spec.series=None
[BACKEND] /query/spec agg extraction: spec.agg=None, agg=none, spec.y=None, spec.series=None
[BACKEND] /query/spec agg extraction: spec.agg=None, agg=none, spec.y=None, spec.series=None
